============================= test session starts =============================
platform win32 -- Python 3.12.1, pytest-9.0.2, pluggy-1.6.0
rootdir: C:\Users\xu\AppData\Roaming\InfiniTrader_SimulationX64\pyStrategy\demo\ali2026v3_trading
configfile: pytest.ini
testpaths: tests
plugins: hypothesis-6.155.1, cov-7.1.0
collected 839 items

tests\test_arrow_optimization.py ....                                    [  0%]
tests\test_box_order.py ..FF......FFFFFFFF..                             [  2%]
tests\test_callback_registry.py ...................                      [  5%]
tests\test_config_service_p2.py ..                                       [  5%]
tests\test_counterparty_risk.py .F..                                     [  5%]
tests\test_crack_validation.py ......................................... [ 10%]
................                                                         [ 12%]
tests\test_diagnosis_service_p2.py s                                     [ 12%]
tests\test_fuzz_tick_risk.py ....................                        [ 15%]
tests\test_governance_greeks.py .........                                [ 16%]
tests\test_hft_order.py ........FFFFF.FFFFF.....FFF                      [ 19%]
tests\test_hypothesis_state_store.py ..........                          [ 20%]
tests\test_infrastructure.py F.......F.FFFF                              [ 22%]
tests\test_kline_fix.py .....                                            [ 22%]
tests\test_l1_l2_pipeline.py ......F.....................                [ 26%]
tests\test_manual_verification.py F.FF...FFFF..FFF.                      [ 28%]
tests\test_market_risk.py ....                                           [ 28%]
tests\test_operational_risk.py ......                                    [ 29%]
tests\test_option_sort_alignment.py .................................... [ 33%]
........................................................................ [ 42%]
.......                                                                  [ 43%]
tests\test_order_service_resilience.py FF                                [ 43%]
tests\test_param_pool_alignment.py .sss........F........                 [ 45%]
tests\test_performance_regression.py .......                             [ 46%]
tests\test_phase1_managers.py ............                               [ 48%]
tests\test_r14_fixes.py .......F                                         [ 49%]
tests\test_r15_p0_fixes.py .........s.....                               [ 50%]
tests\test_regulatory_risk_reexport.py .......                           [ 51%]
tests\test_resonance_order.py ...................FFFFFF................. [ 56%]
.                                                                        [ 56%]
tests\test_risk_contracts.py ........                                    [ 57%]
tests\test_risk_service_core.py ..........F......                        [ 59%]
tests\test_safety_meta_layer_patches.py FF..FFF.FFFF...F.                [ 61%]
tests\test_service_container_p2.py .                                     [ 61%]
tests\test_service_core.py ...FFF.........                               [ 63%]
tests\test_shadow_strategy_engine.py ...........F......F.FF..F.......F.. [ 67%]
.F.F..FF.FF...........                                                   [ 70%]
tests\test_shard_acceptance.py ......F.....                              [ 71%]
tests\test_shared_checks.py .........                                    [ 73%]
tests\test_spring_order.py ....................FFF............FFF...     [ 77%]
tests\test_state_store.py ................                               [ 79%]
tests\test_storage_p2.py .                                               [ 79%]
tests\test_strategy_2026.py FFFFFFFFFFFFFFFFFFF                          [ 82%]
tests\test_strategy_core_service.py FFFFFFFFFFFFFFF                      [ 84%]
tests\test_strategy_ecosystem.py .........................FFFFFFFFFFFFFF [ 88%]
FFFFFFFFFFFFFFFFF...F.F                                                  [ 91%]
tests\test_subscription_manager_integration.py ............              [ 92%]
tests\test_t_type_service_p2.py .                                        [ 92%]
tests\test_ui_service_p2.py s                                            [ 93%]
tests\test_v7_meta_audit_v2.py ............................F...F.....FF. [ 97%]
...........FFF                                                           [ 99%]
python : C:\Users\xu\AppData\Local\Programs\Python\Python312\Lib\site-packages\coverage\control.py:958: CoverageWarning
: No data was collected. (no-data-collected); see https://coverage.readthedocs.io/en/7.14.1/messages.html#warning-no-da
ta-collected
所在位置 行:1 字符: 1
+ python -m pytest --tb=line -q --ignore=tests/test_e2e_pipeline.py --i ...
+ ~~~~~~~~~~~~~~~~~~~~~~~~~~~~~~~~~~~~~~~~~~~~~~~~~~~~~~~~~~~~~~~~~~~~~
    + CategoryInfo          : NotSpecified: (C:\Users\xu\App...-data-collected:String) [], RemoteException
    + FullyQualifiedErrorId : NativeCommandError
 
  self._warn("No data was collected.", slug="no-data-collected")
C:\Users\xu\AppData\Local\Programs\Python\Python312\Lib\site-packages\pytest_cov\plugin.py:366: CovReportWarning: Faile
d to generate report: No data to report.

  warnings.warn(CovReportWarning(message), stacklevel=1)
tests\test_version_vector_monotonic.py ...
WARNING: Failed to generate report: No data to report.

                                                                         [100%]

================================== FAILURES ===================================
E   NameError: name 'SignalHistoryService' is not defined
---------------------------- Captured stderr call -----------------------------
WARNING:ali2026v3_trading.tvf_param_loader:[TVFParamLoader] 鍙傛暟鏍￠獙璀﹀憡: 宓屽key l3_greeks.delta_scale 缂哄け锛屽皢浣跨敤榛樿鍊?
WARNING:root:[P1-R11-23] tvf_params.yaml涓瓨鍦ㄦ湭鏄犲皠鐨勯敭: ['format_version', 'tvf_sigmoid_scale', 'optimization_history', 'parameter_search_space.grid_config.total_dimensions', 'parameter_search_space.grid_config.estimated_combinations', 'parameter_search_space.grid_config.sampling_strategy', 'parameter_search_space.grid_config.description', 'parameter_search_space.layer_weights.l1_risk_return.range', 'parameter_search_space.layer_weights.l1_risk_return.num_points', 'parameter_search_space.layer_weights.l1_risk_return.step', 'parameter_search_space.layer_weights.l1_risk_return.values', 'parameter_search_space.layer_weights.l1_risk_return.description', 'parameter_search_space.layer_weights.l2_market_micro.range', 'parameter_search_space.layer_weights.l2_market_micro.num_points', 'parameter_search_space.layer_weights.l2_market_micro.step', 'parameter_search_space.layer_weights.l2_market_micro.values', 'parameter_search_space.layer_weights.l2_market_micro.description', 'parameter_search_space.layer_weights.l3_option_greeks.derived', 'parameter_search_space.layer_weights.l3_option_greeks.formula', 'parameter_search_space.layer_weights.l3_option_greeks.description', 'parameter_search_space.l1_tri_centers.sortino.range', 'parameter_search_space.l1_tri_centers.sortino.num_points', 'parameter_search_space.l1_tri_centers.sortino.values', 'parameter_search_space.l1_tri_centers.sortino.description', 'parameter_search_space.l1_tri_centers.calmar.range', 'parameter_search_space.l1_tri_centers.calmar.num_points', 'parameter_search_space.l1_tri_centers.calmar.values', 'parameter_search_space.l1_tri_centers.calmar.description', 'parameter_search_space.l1_tri_centers.sharpe.range', 'parameter_search_space.l1_tri_centers.sharpe.num_points', 'parameter_search_space.l1_tri_centers.sharpe.values', 'parameter_search_space.l1_tri_centers.sharpe.description', 'parameter_search_space.l1_tri_scales.sortino.range', 'parameter_search_space.l1_tri_scales.sortino.num_points', 'parameter_search_space.l1_tri_scales.sortino.values', 'parameter_search_space.l1_tri_scales.sortino.description', 'parameter_search_space.l1_tri_scales.calmar.range', 'parameter_search_space.l1_tri_scales.calmar.num_points', 'parameter_search_space.l1_tri_scales.calmar.values', 'parameter_search_space.l1_tri_scales.calmar.description', 'parameter_search_space.l1_tri_scales.sharpe.range', 'parameter_search_space.l1_tri_scales.sharpe.num_points', 'parameter_search_space.l1_tri_scales.sharpe.values', 'parameter_search_space.l1_tri_scales.sharpe.description', 'parameter_search_space.l2_scales.ofi.range', 'parameter_search_space.l2_scales.ofi.num_points', 'parameter_search_space.l2_scales.ofi.step', 'parameter_search_space.l2_scales.ofi.values', 'parameter_search_space.l2_scales.ofi.description', 'parameter_search_space.l2_scales.smf.range', 'parameter_search_space.l2_scales.smf.num_points', 'parameter_search_space.l2_scales.smf.step', 'parameter_search_space.l2_scales.smf.values', 'parameter_search_space.l2_scales.smf.description', 'parameter_search_space.l3_thresholds.gamma.range', 'parameter_search_space.l3_thresholds.gamma.num_points', 'parameter_search_space.l3_thresholds.gamma.step', 'parameter_search_space.l3_thresholds.gamma.values', 'parameter_search_space.l3_thresholds.gamma.description', 'parameter_search_space.l3_thresholds.theta.range', 'parameter_search_space.l3_thresholds.theta.num_points', 'parameter_search_space.l3_thresholds.theta.step', 'parameter_search_space.l3_thresholds.theta.values', 'parameter_search_space.l3_thresholds.theta.description', 'parameter_search_space.l3_thresholds.vega.range', 'parameter_search_space.l3_thresholds.vega.num_points', 'parameter_search_space.l3_thresholds.vega.step', 'parameter_search_space.l3_thresholds.vega.values', 'parameter_search_space.l3_thresholds.vega.description', 'parameter_search_space.l3_scales.gamma.range', 'parameter_search_space.l3_scales.gamma.num_points', 'parameter_search_space.l3_scales.gamma.step', 'parameter_search_space.l3_scales.gamma.values', 'parameter_search_space.l3_scales.gamma.description', 'parameter_search_space.l3_scales.theta.range', 'parameter_search_space.l3_scales.theta.num_points', 'parameter_search_space.l3_scales.theta.step', 'parameter_search_space.l3_scales.theta.values', 'parameter_search_space.l3_scales.theta.description', 'parameter_search_space.l3_scales.vega.range', 'parameter_search_space.l3_scales.vega.num_points', 'parameter_search_space.l3_scales.vega.step', 'parameter_search_space.l3_scales.vega.values', 'parameter_search_space.l3_scales.vega.description', 'parameter_search_space.inner_weights.description', 'parameter_search_space.inner_weights.l1.sortino.range', 'parameter_search_space.inner_weights.l1.sortino.num_points', 'parameter_search_space.inner_weights.l1.sortino.step', 'parameter_search_space.inner_weights.l1.sortino.values', 'parameter_search_space.inner_weights.l1.calmar.derived', 'parameter_search_space.inner_weights.l1.calmar.formula', 'parameter_search_space.inner_weights.l1.sharpe.derived', 'parameter_search_space.inner_weights.l1.sharpe.formula', 'parameter_search_space.inner_weights.l2.ofi.range', 'parameter_search_space.inner_weights.l2.ofi.num_points', 'parameter_search_space.inner_weights.l2.ofi.step', 'parameter_search_space.inner_weights.l2.ofi.values', 'parameter_search_space.inner_weights.l2.cvd_divergence.derived', 'parameter_search_space.inner_weights.l2.cvd_divergence.formula', 'parameter_search_space.inner_weights.l2.smart_money_flow.derived', 'parameter_search_space.inner_weights.l2.smart_money_flow.formula', 'parameter_search_space.inner_weights.l3.delta.range', 'parameter_search_space.inner_weights.l3.delta.num_points', 'parameter_search_space.inner_weights.l3.delta.step', 'parameter_search_space.inner_weights.l3.delta.values', 'parameter_search_space.inner_weights.l3.gamma.range', 'parameter_search_space.inner_weights.l3.gamma.num_points', 'parameter_search_space.inner_weights.l3.gamma.step', 'parameter_search_space.inner_weights.l3.gamma.values', 'parameter_search_space.inner_weights.l3.theta.derived', 'parameter_search_space.inner_weights.l3.theta.formula', 'parameter_search_space.inner_weights.l3.vega.range', 'parameter_search_space.inner_weights.l3.vega.num_points', 'parameter_search_space.inner_weights.l3.vega.step', 'parameter_search_space.inner_weights.l3.vega.values', 'grid_analysis.dimensions.layer_weights', 'grid_analysis.dimensions.l1_tri_centers', 'grid_analysis.dimensions.l1_tri_scales', 'grid_analysis.dimensions.l2_scales', 'grid_analysis.dimensions.l3_thresholds', 'grid_analysis.dimensions.l3_scales', 'grid_analysis.total_combinations', 'grid_analysis.calculation', 'grid_analysis.recommended_sampling.latin_hypercube', 'grid_analysis.recommended_sampling.bayesian_optuna', 'grid_analysis.recommended_sampling.random_search', 'grid_analysis.description']锛岃繖浜涢敭涓嶄細琚玀odeConfig璇嗗埆锛岃妫€鏌YAML_TO_MODECONFIG_MAP
WARNING:root:[P1-R11-23] tvf_params.yaml涓瓨鍦ㄦ湭鏄犲皠鐨勯敭: ['format_version', 'tvf_sigmoid_scale', 'optimization_history', 'parameter_search_space.grid_config.total_dimensions', 'parameter_search_space.grid_config.estimated_combinations', 'parameter_search_space.grid_config.sampling_strategy', 'parameter_search_space.grid_config.description', 'parameter_search_space.layer_weights.l1_risk_return.range', 'parameter_search_space.layer_weights.l1_risk_return.num_points', 'parameter_search_space.layer_weights.l1_risk_return.step', 'parameter_search_space.layer_weights.l1_risk_return.values', 'parameter_search_space.layer_weights.l1_risk_return.description', 'parameter_search_space.layer_weights.l2_market_micro.range', 'parameter_search_space.layer_weights.l2_market_micro.num_points', 'parameter_search_space.layer_weights.l2_market_micro.step', 'parameter_search_space.layer_weights.l2_market_micro.values', 'parameter_search_space.layer_weights.l2_market_micro.description', 'parameter_search_space.layer_weights.l3_option_greeks.derived', 'parameter_search_space.layer_weights.l3_option_greeks.formula', 'parameter_search_space.layer_weights.l3_option_greeks.description', 'parameter_search_space.l1_tri_centers.sortino.range', 'parameter_search_space.l1_tri_centers.sortino.num_points', 'parameter_search_space.l1_tri_centers.sortino.values', 'parameter_search_space.l1_tri_centers.sortino.description', 'parameter_search_space.l1_tri_centers.calmar.range', 'parameter_search_space.l1_tri_centers.calmar.num_points', 'parameter_search_space.l1_tri_centers.calmar.values', 'parameter_search_space.l1_tri_centers.calmar.description', 'parameter_search_space.l1_tri_centers.sharpe.range', 'parameter_search_space.l1_tri_centers.sharpe.num_points', 'parameter_search_space.l1_tri_centers.sharpe.values', 'parameter_search_space.l1_tri_centers.sharpe.description', 'parameter_search_space.l1_tri_scales.sortino.range', 'parameter_search_space.l1_tri_scales.sortino.num_points', 'parameter_search_space.l1_tri_scales.sortino.values', 'parameter_search_space.l1_tri_scales.sortino.description', 'parameter_search_space.l1_tri_scales.calmar.range', 'parameter_search_space.l1_tri_scales.calmar.num_points', 'parameter_search_space.l1_tri_scales.calmar.values', 'parameter_search_space.l1_tri_scales.calmar.description', 'parameter_search_space.l1_tri_scales.sharpe.range', 'parameter_search_space.l1_tri_scales.sharpe.num_points', 'parameter_search_space.l1_tri_scales.sharpe.values', 'parameter_search_space.l1_tri_scales.sharpe.description', 'parameter_search_space.l2_scales.ofi.range', 'parameter_search_space.l2_scales.ofi.num_points', 'parameter_search_space.l2_scales.ofi.step', 'parameter_search_space.l2_scales.ofi.values', 'parameter_search_space.l2_scales.ofi.description', 'parameter_search_space.l2_scales.smf.range', 'parameter_search_space.l2_scales.smf.num_points', 'parameter_search_space.l2_scales.smf.step', 'parameter_search_space.l2_scales.smf.values', 'parameter_search_space.l2_scales.smf.description', 'parameter_search_space.l3_thresholds.gamma.range', 'parameter_search_space.l3_thresholds.gamma.num_points', 'parameter_search_space.l3_thresholds.gamma.step', 'parameter_search_space.l3_thresholds.gamma.values', 'parameter_search_space.l3_thresholds.gamma.description', 'parameter_search_space.l3_thresholds.theta.range', 'parameter_search_space.l3_thresholds.theta.num_points', 'parameter_search_space.l3_thresholds.theta.step', 'parameter_search_space.l3_thresholds.theta.values', 'parameter_search_space.l3_thresholds.theta.description', 'parameter_search_space.l3_thresholds.vega.range', 'parameter_search_space.l3_thresholds.vega.num_points', 'parameter_search_space.l3_thresholds.vega.step', 'parameter_search_space.l3_thresholds.vega.values', 'parameter_search_space.l3_thresholds.vega.description', 'parameter_search_space.l3_scales.gamma.range', 'parameter_search_space.l3_scales.gamma.num_points', 'parameter_search_space.l3_scales.gamma.step', 'parameter_search_space.l3_scales.gamma.values', 'parameter_search_space.l3_scales.gamma.description', 'parameter_search_space.l3_scales.theta.range', 'parameter_search_space.l3_scales.theta.num_points', 'parameter_search_space.l3_scales.theta.step', 'parameter_search_space.l3_scales.theta.values', 'parameter_search_space.l3_scales.theta.description', 'parameter_search_space.l3_scales.vega.range', 'parameter_search_space.l3_scales.vega.num_points', 'parameter_search_space.l3_scales.vega.step', 'parameter_search_space.l3_scales.vega.values', 'parameter_search_space.l3_scales.vega.description', 'parameter_search_space.inner_weights.description', 'parameter_search_space.inner_weights.l1.sortino.range', 'parameter_search_space.inner_weights.l1.sortino.num_points', 'parameter_search_space.inner_weights.l1.sortino.step', 'parameter_search_space.inner_weights.l1.sortino.values', 'parameter_search_space.inner_weights.l1.calmar.derived', 'parameter_search_space.inner_weights.l1.calmar.formula', 'parameter_search_space.inner_weights.l1.sharpe.derived', 'parameter_search_space.inner_weights.l1.sharpe.formula', 'parameter_search_space.inner_weights.l2.ofi.range', 'parameter_search_space.inner_weights.l2.ofi.num_points', 'parameter_search_space.inner_weights.l2.ofi.step', 'parameter_search_space.inner_weights.l2.ofi.values', 'parameter_search_space.inner_weights.l2.cvd_divergence.derived', 'parameter_search_space.inner_weights.l2.cvd_divergence.formula', 'parameter_search_space.inner_weights.l2.smart_money_flow.derived', 'parameter_search_space.inner_weights.l2.smart_money_flow.formula', 'parameter_search_space.inner_weights.l3.delta.range', 'parameter_search_space.inner_weights.l3.delta.num_points', 'parameter_search_space.inner_weights.l3.delta.step', 'parameter_search_space.inner_weights.l3.delta.values', 'parameter_search_space.inner_weights.l3.gamma.range', 'parameter_search_space.inner_weights.l3.gamma.num_points', 'parameter_search_space.inner_weights.l3.gamma.step', 'parameter_search_space.inner_weights.l3.gamma.values', 'parameter_search_space.inner_weights.l3.theta.derived', 'parameter_search_space.inner_weights.l3.theta.formula', 'parameter_search_space.inner_weights.l3.vega.range', 'parameter_search_space.inner_weights.l3.vega.num_points', 'parameter_search_space.inner_weights.l3.vega.step', 'parameter_search_space.inner_weights.l3.vega.values', 'grid_analysis.dimensions.layer_weights', 'grid_analysis.dimensions.l1_tri_centers', 'grid_analysis.dimensions.l1_tri_scales', 'grid_analysis.dimensions.l2_scales', 'grid_analysis.dimensions.l3_thresholds', 'grid_analysis.dimensions.l3_scales', 'grid_analysis.total_combinations', 'grid_analysis.calculation', 'grid_analysis.recommended_sampling.latin_hypercube', 'grid_analysis.recommended_sampling.bayesian_optuna', 'grid_analysis.recommended_sampling.random_search', 'grid_analysis.description']锛岃繖浜涢敭涓嶄細琚玀odeConfig璇嗗埆锛岃妫€鏌YAML_TO_MODECONFIG_MAP
WARNING:root:[P1-R11-23] tvf_params.yaml涓瓨鍦ㄦ湭鏄犲皠鐨勯敭: ['format_version', 'tvf_sigmoid_scale', 'optimization_history', 'parameter_search_space.grid_config.total_dimensions', 'parameter_search_space.grid_config.estimated_combinations', 'parameter_search_space.grid_config.sampling_strategy', 'parameter_search_space.grid_config.description', 'parameter_search_space.layer_weights.l1_risk_return.range', 'parameter_search_space.layer_weights.l1_risk_return.num_points', 'parameter_search_space.layer_weights.l1_risk_return.step', 'parameter_search_space.layer_weights.l1_risk_return.values', 'parameter_search_space.layer_weights.l1_risk_return.description', 'parameter_search_space.layer_weights.l2_market_micro.range', 'parameter_search_space.layer_weights.l2_market_micro.num_points', 'parameter_search_space.layer_weights.l2_market_micro.step', 'parameter_search_space.layer_weights.l2_market_micro.values', 'parameter_search_space.layer_weights.l2_market_micro.description', 'parameter_search_space.layer_weights.l3_option_greeks.derived', 'parameter_search_space.layer_weights.l3_option_greeks.formula', 'parameter_search_space.layer_weights.l3_option_greeks.description', 'parameter_search_space.l1_tri_centers.sortino.range', 'parameter_search_space.l1_tri_centers.sortino.num_points', 'parameter_search_space.l1_tri_centers.sortino.values', 'parameter_search_space.l1_tri_centers.sortino.description', 'parameter_search_space.l1_tri_centers.calmar.range', 'parameter_search_space.l1_tri_centers.calmar.num_points', 'parameter_search_space.l1_tri_centers.calmar.values', 'parameter_search_space.l1_tri_centers.calmar.description', 'parameter_search_space.l1_tri_centers.sharpe.range', 'parameter_search_space.l1_tri_centers.sharpe.num_points', 'parameter_search_space.l1_tri_centers.sharpe.values', 'parameter_search_space.l1_tri_centers.sharpe.description', 'parameter_search_space.l1_tri_scales.sortino.range', 'parameter_search_space.l1_tri_scales.sortino.num_points', 'parameter_search_space.l1_tri_scales.sortino.values', 'parameter_search_space.l1_tri_scales.sortino.description', 'parameter_search_space.l1_tri_scales.calmar.range', 'parameter_search_space.l1_tri_scales.calmar.num_points', 'parameter_search_space.l1_tri_scales.calmar.values', 'parameter_search_space.l1_tri_scales.calmar.description', 'parameter_search_space.l1_tri_scales.sharpe.range', 'parameter_search_space.l1_tri_scales.sharpe.num_points', 'parameter_search_space.l1_tri_scales.sharpe.values', 'parameter_search_space.l1_tri_scales.sharpe.description', 'parameter_search_space.l2_scales.ofi.range', 'parameter_search_space.l2_scales.ofi.num_points', 'parameter_search_space.l2_scales.ofi.step', 'parameter_search_space.l2_scales.ofi.values', 'parameter_search_space.l2_scales.ofi.description', 'parameter_search_space.l2_scales.smf.range', 'parameter_search_space.l2_scales.smf.num_points', 'parameter_search_space.l2_scales.smf.step', 'parameter_search_space.l2_scales.smf.values', 'parameter_search_space.l2_scales.smf.description', 'parameter_search_space.l3_thresholds.gamma.range', 'parameter_search_space.l3_thresholds.gamma.num_points', 'parameter_search_space.l3_thresholds.gamma.step', 'parameter_search_space.l3_thresholds.gamma.values', 'parameter_search_space.l3_thresholds.gamma.description', 'parameter_search_space.l3_thresholds.theta.range', 'parameter_search_space.l3_thresholds.theta.num_points', 'parameter_search_space.l3_thresholds.theta.step', 'parameter_search_space.l3_thresholds.theta.values', 'parameter_search_space.l3_thresholds.theta.description', 'parameter_search_space.l3_thresholds.vega.range', 'parameter_search_space.l3_thresholds.vega.num_points', 'parameter_search_space.l3_thresholds.vega.step', 'parameter_search_space.l3_thresholds.vega.values', 'parameter_search_space.l3_thresholds.vega.description', 'parameter_search_space.l3_scales.gamma.range', 'parameter_search_space.l3_scales.gamma.num_points', 'parameter_search_space.l3_scales.gamma.step', 'parameter_search_space.l3_scales.gamma.values', 'parameter_search_space.l3_scales.gamma.description', 'parameter_search_space.l3_scales.theta.range', 'parameter_search_space.l3_scales.theta.num_points', 'parameter_search_space.l3_scales.theta.step', 'parameter_search_space.l3_scales.theta.values', 'parameter_search_space.l3_scales.theta.description', 'parameter_search_space.l3_scales.vega.range', 'parameter_search_space.l3_scales.vega.num_points', 'parameter_search_space.l3_scales.vega.step', 'parameter_search_space.l3_scales.vega.values', 'parameter_search_space.l3_scales.vega.description', 'parameter_search_space.inner_weights.description', 'parameter_search_space.inner_weights.l1.sortino.range', 'parameter_search_space.inner_weights.l1.sortino.num_points', 'parameter_search_space.inner_weights.l1.sortino.step', 'parameter_search_space.inner_weights.l1.sortino.values', 'parameter_search_space.inner_weights.l1.calmar.derived', 'parameter_search_space.inner_weights.l1.calmar.formula', 'parameter_search_space.inner_weights.l1.sharpe.derived', 'parameter_search_space.inner_weights.l1.sharpe.formula', 'parameter_search_space.inner_weights.l2.ofi.range', 'parameter_search_space.inner_weights.l2.ofi.num_points', 'parameter_search_space.inner_weights.l2.ofi.step', 'parameter_search_space.inner_weights.l2.ofi.values', 'parameter_search_space.inner_weights.l2.cvd_divergence.derived', 'parameter_search_space.inner_weights.l2.cvd_divergence.formula', 'parameter_search_space.inner_weights.l2.smart_money_flow.derived', 'parameter_search_space.inner_weights.l2.smart_money_flow.formula', 'parameter_search_space.inner_weights.l3.delta.range', 'parameter_search_space.inner_weights.l3.delta.num_points', 'parameter_search_space.inner_weights.l3.delta.step', 'parameter_search_space.inner_weights.l3.delta.values', 'parameter_search_space.inner_weights.l3.gamma.range', 'parameter_search_space.inner_weights.l3.gamma.num_points', 'parameter_search_space.inner_weights.l3.gamma.step', 'parameter_search_space.inner_weights.l3.gamma.values', 'parameter_search_space.inner_weights.l3.theta.derived', 'parameter_search_space.inner_weights.l3.theta.formula', 'parameter_search_space.inner_weights.l3.vega.range', 'parameter_search_space.inner_weights.l3.vega.num_points', 'parameter_search_space.inner_weights.l3.vega.step', 'parameter_search_space.inner_weights.l3.vega.values', 'grid_analysis.dimensions.layer_weights', 'grid_analysis.dimensions.l1_tri_centers', 'grid_analysis.dimensions.l1_tri_scales', 'grid_analysis.dimensions.l2_scales', 'grid_analysis.dimensions.l3_thresholds', 'grid_analysis.dimensions.l3_scales', 'grid_analysis.total_combinations', 'grid_analysis.calculation', 'grid_analysis.recommended_sampling.latin_hypercube', 'grid_analysis.recommended_sampling.bayesian_optuna', 'grid_analysis.recommended_sampling.random_search', 'grid_analysis.description']锛岃繖浜涢敭涓嶄細琚玀odeConfig璇嗗埆锛岃妫€鏌YAML_TO_MODECONFIG_MAP
------------------------------ Captured log call ------------------------------
WARNING  ali2026v3_trading.tvf_param_loader:tvf_param_loader.py:258 [TVFParamLoader] 鍙傛暟鏍￠獙璀﹀憡: 宓屽key l3_greeks.delta_scale 缂哄け锛屽皢浣跨敤榛樿鍊?
WARNING  root:mode_engine.py:214 [P1-R11-23] tvf_params.yaml涓瓨鍦ㄦ湭鏄犲皠鐨勯敭: ['format_version', 'tvf_sigmoid_scale', 'optimization_history', 'parameter_search_space.grid_config.total_dimensions', 'parameter_search_space.grid_config.estimated_combinations', 'parameter_search_space.grid_config.sampling_strategy', 'parameter_search_space.grid_config.description', 'parameter_search_space.layer_weights.l1_risk_return.range', 'parameter_search_space.layer_weights.l1_risk_return.num_points', 'parameter_search_space.layer_weights.l1_risk_return.step', 'parameter_search_space.layer_weights.l1_risk_return.values', 'parameter_search_space.layer_weights.l1_risk_return.description', 'parameter_search_space.layer_weights.l2_market_micro.range', 'parameter_search_space.layer_weights.l2_market_micro.num_points', 'parameter_search_space.layer_weights.l2_market_micro.step', 'parameter_search_space.layer_weights.l2_market_micro.values', 'parameter_search_space.layer_weights.l2_market_micro.description', 'parameter_search_space.layer_weights.l3_option_greeks.derived', 'parameter_search_space.layer_weights.l3_option_greeks.formula', 'parameter_search_space.layer_weights.l3_option_greeks.description', 'parameter_search_space.l1_tri_centers.sortino.range', 'parameter_search_space.l1_tri_centers.sortino.num_points', 'parameter_search_space.l1_tri_centers.sortino.values', 'parameter_search_space.l1_tri_centers.sortino.description', 'parameter_search_space.l1_tri_centers.calmar.range', 'parameter_search_space.l1_tri_centers.calmar.num_points', 'parameter_search_space.l1_tri_centers.calmar.values', 'parameter_search_space.l1_tri_centers.calmar.description', 'parameter_search_space.l1_tri_centers.sharpe.range', 'parameter_search_space.l1_tri_centers.sharpe.num_points', 'parameter_search_space.l1_tri_centers.sharpe.values', 'parameter_search_space.l1_tri_centers.sharpe.description', 'parameter_search_space.l1_tri_scales.sortino.range', 'parameter_search_space.l1_tri_scales.sortino.num_points', 'parameter_search_space.l1_tri_scales.sortino.values', 'parameter_search_space.l1_tri_scales.sortino.description', 'parameter_search_space.l1_tri_scales.calmar.range', 'parameter_search_space.l1_tri_scales.calmar.num_points', 'parameter_search_space.l1_tri_scales.calmar.values', 'parameter_search_space.l1_tri_scales.calmar.description', 'parameter_search_space.l1_tri_scales.sharpe.range', 'parameter_search_space.l1_tri_scales.sharpe.num_points', 'parameter_search_space.l1_tri_scales.sharpe.values', 'parameter_search_space.l1_tri_scales.sharpe.description', 'parameter_search_space.l2_scales.ofi.range', 'parameter_search_space.l2_scales.ofi.num_points', 'parameter_search_space.l2_scales.ofi.step', 'parameter_search_space.l2_scales.ofi.values', 'parameter_search_space.l2_scales.ofi.description', 'parameter_search_space.l2_scales.smf.range', 'parameter_search_space.l2_scales.smf.num_points', 'parameter_search_space.l2_scales.smf.step', 'parameter_search_space.l2_scales.smf.values', 'parameter_search_space.l2_scales.smf.description', 'parameter_search_space.l3_thresholds.gamma.range', 'parameter_search_space.l3_thresholds.gamma.num_points', 'parameter_search_space.l3_thresholds.gamma.step', 'parameter_search_space.l3_thresholds.gamma.values', 'parameter_search_space.l3_thresholds.gamma.description', 'parameter_search_space.l3_thresholds.theta.range', 'parameter_search_space.l3_thresholds.theta.num_points', 'parameter_search_space.l3_thresholds.theta.step', 'parameter_search_space.l3_thresholds.theta.values', 'parameter_search_space.l3_thresholds.theta.description', 'parameter_search_space.l3_thresholds.vega.range', 'parameter_search_space.l3_thresholds.vega.num_points', 'parameter_search_space.l3_thresholds.vega.step', 'parameter_search_space.l3_thresholds.vega.values', 'parameter_search_space.l3_thresholds.vega.description', 'parameter_search_space.l3_scales.gamma.range', 'parameter_search_space.l3_scales.gamma.num_points', 'parameter_search_space.l3_scales.gamma.step', 'parameter_search_space.l3_scales.gamma.values', 'parameter_search_space.l3_scales.gamma.description', 'parameter_search_space.l3_scales.theta.range', 'parameter_search_space.l3_scales.theta.num_points', 'parameter_search_space.l3_scales.theta.step', 'parameter_search_space.l3_scales.theta.values', 'parameter_search_space.l3_scales.theta.description', 'parameter_search_space.l3_scales.vega.range', 'parameter_search_space.l3_scales.vega.num_points', 'parameter_search_space.l3_scales.vega.step', 'parameter_search_space.l3_scales.vega.values', 'parameter_search_space.l3_scales.vega.description', 'parameter_search_space.inner_weights.description', 'parameter_search_space.inner_weights.l1.sortino.range', 'parameter_search_space.inner_weights.l1.sortino.num_points', 'parameter_search_space.inner_weights.l1.sortino.step', 'parameter_search_space.inner_weights.l1.sortino.values', 'parameter_search_space.inner_weights.l1.calmar.derived', 'parameter_search_space.inner_weights.l1.calmar.formula', 'parameter_search_space.inner_weights.l1.sharpe.derived', 'parameter_search_space.inner_weights.l1.sharpe.formula', 'parameter_search_space.inner_weights.l2.ofi.range', 'parameter_search_space.inner_weights.l2.ofi.num_points', 'parameter_search_space.inner_weights.l2.ofi.step', 'parameter_search_space.inner_weights.l2.ofi.values', 'parameter_search_space.inner_weights.l2.cvd_divergence.derived', 'parameter_search_space.inner_weights.l2.cvd_divergence.formula', 'parameter_search_space.inner_weights.l2.smart_money_flow.derived', 'parameter_search_space.inner_weights.l2.smart_money_flow.formula', 'parameter_search_space.inner_weights.l3.delta.range', 'parameter_search_space.inner_weights.l3.delta.num_points', 'parameter_search_space.inner_weights.l3.delta.step', 'parameter_search_space.inner_weights.l3.delta.values', 'parameter_search_space.inner_weights.l3.gamma.range', 'parameter_search_space.inner_weights.l3.gamma.num_points', 'parameter_search_space.inner_weights.l3.gamma.step', 'parameter_search_space.inner_weights.l3.gamma.values', 'parameter_search_space.inner_weights.l3.theta.derived', 'parameter_search_space.inner_weights.l3.theta.formula', 'parameter_search_space.inner_weights.l3.vega.range', 'parameter_search_space.inner_weights.l3.vega.num_points', 'parameter_search_space.inner_weights.l3.vega.step', 'parameter_search_space.inner_weights.l3.vega.values', 'grid_analysis.dimensions.layer_weights', 'grid_analysis.dimensions.l1_tri_centers', 'grid_analysis.dimensions.l1_tri_scales', 'grid_analysis.dimensions.l2_scales', 'grid_analysis.dimensions.l3_thresholds', 'grid_analysis.dimensions.l3_scales', 'grid_analysis.total_combinations', 'grid_analysis.calculation', 'grid_analysis.recommended_sampling.latin_hypercube', 'grid_analysis.recommended_sampling.bayesian_optuna', 'grid_analysis.recommended_sampling.random_search', 'grid_analysis.description']锛岃繖浜涢敭涓嶄細琚玀odeConfig璇嗗埆锛岃妫€鏌YAML_TO_MODECONFIG_MAP
WARNING  root:mode_engine.py:214 [P1-R11-23] tvf_params.yaml涓瓨鍦ㄦ湭鏄犲皠鐨勯敭: ['format_version', 'tvf_sigmoid_scale', 'optimization_history', 'parameter_search_space.grid_config.total_dimensions', 'parameter_search_space.grid_config.estimated_combinations', 'parameter_search_space.grid_config.sampling_strategy', 'parameter_search_space.grid_config.description', 'parameter_search_space.layer_weights.l1_risk_return.range', 'parameter_search_space.layer_weights.l1_risk_return.num_points', 'parameter_search_space.layer_weights.l1_risk_return.step', 'parameter_search_space.layer_weights.l1_risk_return.values', 'parameter_search_space.layer_weights.l1_risk_return.description', 'parameter_search_space.layer_weights.l2_market_micro.range', 'parameter_search_space.layer_weights.l2_market_micro.num_points', 'parameter_search_space.layer_weights.l2_market_micro.step', 'parameter_search_space.layer_weights.l2_market_micro.values', 'parameter_search_space.layer_weights.l2_market_micro.description', 'parameter_search_space.layer_weights.l3_option_greeks.derived', 'parameter_search_space.layer_weights.l3_option_greeks.formula', 'parameter_search_space.layer_weights.l3_option_greeks.description', 'parameter_search_space.l1_tri_centers.sortino.range', 'parameter_search_space.l1_tri_centers.sortino.num_points', 'parameter_search_space.l1_tri_centers.sortino.values', 'parameter_search_space.l1_tri_centers.sortino.description', 'parameter_search_space.l1_tri_centers.calmar.range', 'parameter_search_space.l1_tri_centers.calmar.num_points', 'parameter_search_space.l1_tri_centers.calmar.values', 'parameter_search_space.l1_tri_centers.calmar.description', 'parameter_search_space.l1_tri_centers.sharpe.range', 'parameter_search_space.l1_tri_centers.sharpe.num_points', 'parameter_search_space.l1_tri_centers.sharpe.values', 'parameter_search_space.l1_tri_centers.sharpe.description', 'parameter_search_space.l1_tri_scales.sortino.range', 'parameter_search_space.l1_tri_scales.sortino.num_points', 'parameter_search_space.l1_tri_scales.sortino.values', 'parameter_search_space.l1_tri_scales.sortino.description', 'parameter_search_space.l1_tri_scales.calmar.range', 'parameter_search_space.l1_tri_scales.calmar.num_points', 'parameter_search_space.l1_tri_scales.calmar.values', 'parameter_search_space.l1_tri_scales.calmar.description', 'parameter_search_space.l1_tri_scales.sharpe.range', 'parameter_search_space.l1_tri_scales.sharpe.num_points', 'parameter_search_space.l1_tri_scales.sharpe.values', 'parameter_search_space.l1_tri_scales.sharpe.description', 'parameter_search_space.l2_scales.ofi.range', 'parameter_search_space.l2_scales.ofi.num_points', 'parameter_search_space.l2_scales.ofi.step', 'parameter_search_space.l2_scales.ofi.values', 'parameter_search_space.l2_scales.ofi.description', 'parameter_search_space.l2_scales.smf.range', 'parameter_search_space.l2_scales.smf.num_points', 'parameter_search_space.l2_scales.smf.step', 'parameter_search_space.l2_scales.smf.values', 'parameter_search_space.l2_scales.smf.description', 'parameter_search_space.l3_thresholds.gamma.range', 'parameter_search_space.l3_thresholds.gamma.num_points', 'parameter_search_space.l3_thresholds.gamma.step', 'parameter_search_space.l3_thresholds.gamma.values', 'parameter_search_space.l3_thresholds.gamma.description', 'parameter_search_space.l3_thresholds.theta.range', 'parameter_search_space.l3_thresholds.theta.num_points', 'parameter_search_space.l3_thresholds.theta.step', 'parameter_search_space.l3_thresholds.theta.values', 'parameter_search_space.l3_thresholds.theta.description', 'parameter_search_space.l3_thresholds.vega.range', 'parameter_search_space.l3_thresholds.vega.num_points', 'parameter_search_space.l3_thresholds.vega.step', 'parameter_search_space.l3_thresholds.vega.values', 'parameter_search_space.l3_thresholds.vega.description', 'parameter_search_space.l3_scales.gamma.range', 'parameter_search_space.l3_scales.gamma.num_points', 'parameter_search_space.l3_scales.gamma.step', 'parameter_search_space.l3_scales.gamma.values', 'parameter_search_space.l3_scales.gamma.description', 'parameter_search_space.l3_scales.theta.range', 'parameter_search_space.l3_scales.theta.num_points', 'parameter_search_space.l3_scales.theta.step', 'parameter_search_space.l3_scales.theta.values', 'parameter_search_space.l3_scales.theta.description', 'parameter_search_space.l3_scales.vega.range', 'parameter_search_space.l3_scales.vega.num_points', 'parameter_search_space.l3_scales.vega.step', 'parameter_search_space.l3_scales.vega.values', 'parameter_search_space.l3_scales.vega.description', 'parameter_search_space.inner_weights.description', 'parameter_search_space.inner_weights.l1.sortino.range', 'parameter_search_space.inner_weights.l1.sortino.num_points', 'parameter_search_space.inner_weights.l1.sortino.step', 'parameter_search_space.inner_weights.l1.sortino.values', 'parameter_search_space.inner_weights.l1.calmar.derived', 'parameter_search_space.inner_weights.l1.calmar.formula', 'parameter_search_space.inner_weights.l1.sharpe.derived', 'parameter_search_space.inner_weights.l1.sharpe.formula', 'parameter_search_space.inner_weights.l2.ofi.range', 'parameter_search_space.inner_weights.l2.ofi.num_points', 'parameter_search_space.inner_weights.l2.ofi.step', 'parameter_search_space.inner_weights.l2.ofi.values', 'parameter_search_space.inner_weights.l2.cvd_divergence.derived', 'parameter_search_space.inner_weights.l2.cvd_divergence.formula', 'parameter_search_space.inner_weights.l2.smart_money_flow.derived', 'parameter_search_space.inner_weights.l2.smart_money_flow.formula', 'parameter_search_space.inner_weights.l3.delta.range', 'parameter_search_space.inner_weights.l3.delta.num_points', 'parameter_search_space.inner_weights.l3.delta.step', 'parameter_search_space.inner_weights.l3.delta.values', 'parameter_search_space.inner_weights.l3.gamma.range', 'parameter_search_space.inner_weights.l3.gamma.num_points', 'parameter_search_space.inner_weights.l3.gamma.step', 'parameter_search_space.inner_weights.l3.gamma.values', 'parameter_search_space.inner_weights.l3.theta.derived', 'parameter_search_space.inner_weights.l3.theta.formula', 'parameter_search_space.inner_weights.l3.vega.range', 'parameter_search_space.inner_weights.l3.vega.num_points', 'parameter_search_space.inner_weights.l3.vega.step', 'parameter_search_space.inner_weights.l3.vega.values', 'grid_analysis.dimensions.layer_weights', 'grid_analysis.dimensions.l1_tri_centers', 'grid_analysis.dimensions.l1_tri_scales', 'grid_analysis.dimensions.l2_scales', 'grid_analysis.dimensions.l3_thresholds', 'grid_analysis.dimensions.l3_scales', 'grid_analysis.total_combinations', 'grid_analysis.calculation', 'grid_analysis.recommended_sampling.latin_hypercube', 'grid_analysis.recommended_sampling.bayesian_optuna', 'grid_analysis.recommended_sampling.random_search', 'grid_analysis.description']锛岃繖浜涢敭涓嶄細琚玀odeConfig璇嗗埆锛岃妫€鏌YAML_TO_MODECONFIG_MAP
WARNING  root:mode_engine.py:214 [P1-R11-23] tvf_params.yaml涓瓨鍦ㄦ湭鏄犲皠鐨勯敭: ['format_version', 'tvf_sigmoid_scale', 'optimization_history', 'parameter_search_space.grid_config.total_dimensions', 'parameter_search_space.grid_config.estimated_combinations', 'parameter_search_space.grid_config.sampling_strategy', 'parameter_search_space.grid_config.description', 'parameter_search_space.layer_weights.l1_risk_return.range', 'parameter_search_space.layer_weights.l1_risk_return.num_points', 'parameter_search_space.layer_weights.l1_risk_return.step', 'parameter_search_space.layer_weights.l1_risk_return.values', 'parameter_search_space.layer_weights.l1_risk_return.description', 'parameter_search_space.layer_weights.l2_market_micro.range', 'parameter_search_space.layer_weights.l2_market_micro.num_points', 'parameter_search_space.layer_weights.l2_market_micro.step', 'parameter_search_space.layer_weights.l2_market_micro.values', 'parameter_search_space.layer_weights.l2_market_micro.description', 'parameter_search_space.layer_weights.l3_option_greeks.derived', 'parameter_search_space.layer_weights.l3_option_greeks.formula', 'parameter_search_space.layer_weights.l3_option_greeks.description', 'parameter_search_space.l1_tri_centers.sortino.range', 'parameter_search_space.l1_tri_centers.sortino.num_points', 'parameter_search_space.l1_tri_centers.sortino.values', 'parameter_search_space.l1_tri_centers.sortino.description', 'parameter_search_space.l1_tri_centers.calmar.range', 'parameter_search_space.l1_tri_centers.calmar.num_points', 'parameter_search_space.l1_tri_centers.calmar.values', 'parameter_search_space.l1_tri_centers.calmar.description', 'parameter_search_space.l1_tri_centers.sharpe.range', 'parameter_search_space.l1_tri_centers.sharpe.num_points', 'parameter_search_space.l1_tri_centers.sharpe.values', 'parameter_search_space.l1_tri_centers.sharpe.description', 'parameter_search_space.l1_tri_scales.sortino.range', 'parameter_search_space.l1_tri_scales.sortino.num_points', 'parameter_search_space.l1_tri_scales.sortino.values', 'parameter_search_space.l1_tri_scales.sortino.description', 'parameter_search_space.l1_tri_scales.calmar.range', 'parameter_search_space.l1_tri_scales.calmar.num_points', 'parameter_search_space.l1_tri_scales.calmar.values', 'parameter_search_space.l1_tri_scales.calmar.description', 'parameter_search_space.l1_tri_scales.sharpe.range', 'parameter_search_space.l1_tri_scales.sharpe.num_points', 'parameter_search_space.l1_tri_scales.sharpe.values', 'parameter_search_space.l1_tri_scales.sharpe.description', 'parameter_search_space.l2_scales.ofi.range', 'parameter_search_space.l2_scales.ofi.num_points', 'parameter_search_space.l2_scales.ofi.step', 'parameter_search_space.l2_scales.ofi.values', 'parameter_search_space.l2_scales.ofi.description', 'parameter_search_space.l2_scales.smf.range', 'parameter_search_space.l2_scales.smf.num_points', 'parameter_search_space.l2_scales.smf.step', 'parameter_search_space.l2_scales.smf.values', 'parameter_search_space.l2_scales.smf.description', 'parameter_search_space.l3_thresholds.gamma.range', 'parameter_search_space.l3_thresholds.gamma.num_points', 'parameter_search_space.l3_thresholds.gamma.step', 'parameter_search_space.l3_thresholds.gamma.values', 'parameter_search_space.l3_thresholds.gamma.description', 'parameter_search_space.l3_thresholds.theta.range', 'parameter_search_space.l3_thresholds.theta.num_points', 'parameter_search_space.l3_thresholds.theta.step', 'parameter_search_space.l3_thresholds.theta.values', 'parameter_search_space.l3_thresholds.theta.description', 'parameter_search_space.l3_thresholds.vega.range', 'parameter_search_space.l3_thresholds.vega.num_points', 'parameter_search_space.l3_thresholds.vega.step', 'parameter_search_space.l3_thresholds.vega.values', 'parameter_search_space.l3_thresholds.vega.description', 'parameter_search_space.l3_scales.gamma.range', 'parameter_search_space.l3_scales.gamma.num_points', 'parameter_search_space.l3_scales.gamma.step', 'parameter_search_space.l3_scales.gamma.values', 'parameter_search_space.l3_scales.gamma.description', 'parameter_search_space.l3_scales.theta.range', 'parameter_search_space.l3_scales.theta.num_points', 'parameter_search_space.l3_scales.theta.step', 'parameter_search_space.l3_scales.theta.values', 'parameter_search_space.l3_scales.theta.description', 'parameter_search_space.l3_scales.vega.range', 'parameter_search_space.l3_scales.vega.num_points', 'parameter_search_space.l3_scales.vega.step', 'parameter_search_space.l3_scales.vega.values', 'parameter_search_space.l3_scales.vega.description', 'parameter_search_space.inner_weights.description', 'parameter_search_space.inner_weights.l1.sortino.range', 'parameter_search_space.inner_weights.l1.sortino.num_points', 'parameter_search_space.inner_weights.l1.sortino.step', 'parameter_search_space.inner_weights.l1.sortino.values', 'parameter_search_space.inner_weights.l1.calmar.derived', 'parameter_search_space.inner_weights.l1.calmar.formula', 'parameter_search_space.inner_weights.l1.sharpe.derived', 'parameter_search_space.inner_weights.l1.sharpe.formula', 'parameter_search_space.inner_weights.l2.ofi.range', 'parameter_search_space.inner_weights.l2.ofi.num_points', 'parameter_search_space.inner_weights.l2.ofi.step', 'parameter_search_space.inner_weights.l2.ofi.values', 'parameter_search_space.inner_weights.l2.cvd_divergence.derived', 'parameter_search_space.inner_weights.l2.cvd_divergence.formula', 'parameter_search_space.inner_weights.l2.smart_money_flow.derived', 'parameter_search_space.inner_weights.l2.smart_money_flow.formula', 'parameter_search_space.inner_weights.l3.delta.range', 'parameter_search_space.inner_weights.l3.delta.num_points', 'parameter_search_space.inner_weights.l3.delta.step', 'parameter_search_space.inner_weights.l3.delta.values', 'parameter_search_space.inner_weights.l3.gamma.range', 'parameter_search_space.inner_weights.l3.gamma.num_points', 'parameter_search_space.inner_weights.l3.gamma.step', 'parameter_search_space.inner_weights.l3.gamma.values', 'parameter_search_space.inner_weights.l3.theta.derived', 'parameter_search_space.inner_weights.l3.theta.formula', 'parameter_search_space.inner_weights.l3.vega.range', 'parameter_search_space.inner_weights.l3.vega.num_points', 'parameter_search_space.inner_weights.l3.vega.step', 'parameter_search_space.inner_weights.l3.vega.values', 'grid_analysis.dimensions.layer_weights', 'grid_analysis.dimensions.l1_tri_centers', 'grid_analysis.dimensions.l1_tri_scales', 'grid_analysis.dimensions.l2_scales', 'grid_analysis.dimensions.l3_thresholds', 'grid_analysis.dimensions.l3_scales', 'grid_analysis.total_combinations', 'grid_analysis.calculation', 'grid_analysis.recommended_sampling.latin_hypercube', 'grid_analysis.recommended_sampling.bayesian_optuna', 'grid_analysis.recommended_sampling.random_search', 'grid_analysis.description']锛岃繖浜涢敭涓嶄細琚玀odeConfig璇嗗埆锛岃妫€鏌YAML_TO_MODECONFIG_MAP
C:\Users\xu\AppData\Roaming\InfiniTrader_SimulationX64\pyStrategy\demo\ali2026v3_trading\signal\signal_service.py:378: NameError: name 'SignalHistoryService' is not defined
E   NameError: name 'SignalHistoryService' is not defined
C:\Users\xu\AppData\Roaming\InfiniTrader_SimulationX64\pyStrategy\demo\ali2026v3_trading\signal\signal_service.py:378: NameError: name 'SignalHistoryService' is not defined
E   AttributeError: 'CapitalRoute' object has no attribute '_frozen'
C:\Users\xu\AppData\Roaming\InfiniTrader_SimulationX64\pyStrategy\demo\ali2026v3_trading\strategy\strategy_ecosystem.py:259: AttributeError: 'CapitalRoute' object has no attribute '_frozen'
E   AttributeError: 'CapitalRoute' object has no attribute '_frozen'
C:\Users\xu\AppData\Roaming\InfiniTrader_SimulationX64\pyStrategy\demo\ali2026v3_trading\strategy\strategy_ecosystem.py:259: AttributeError: 'CapitalRoute' object has no attribute '_frozen'
E   AttributeError: 'CapitalRoute' object has no attribute '_frozen'
C:\Users\xu\AppData\Roaming\InfiniTrader_SimulationX64\pyStrategy\demo\ali2026v3_trading\strategy\strategy_ecosystem.py:259: AttributeError: 'CapitalRoute' object has no attribute '_frozen'
E   AttributeError: 'CapitalRoute' object has no attribute '_frozen'
C:\Users\xu\AppData\Roaming\InfiniTrader_SimulationX64\pyStrategy\demo\ali2026v3_trading\strategy\strategy_ecosystem.py:259: AttributeError: 'CapitalRoute' object has no attribute '_frozen'
E   AttributeError: 'CapitalRoute' object has no attribute '_frozen'
C:\Users\xu\AppData\Roaming\InfiniTrader_SimulationX64\pyStrategy\demo\ali2026v3_trading\strategy\strategy_ecosystem.py:259: AttributeError: 'CapitalRoute' object has no attribute '_frozen'
E   AttributeError: 'CapitalRoute' object has no attribute '_frozen'
C:\Users\xu\AppData\Roaming\InfiniTrader_SimulationX64\pyStrategy\demo\ali2026v3_trading\strategy\strategy_ecosystem.py:259: AttributeError: 'CapitalRoute' object has no attribute '_frozen'
E   IndexError: list index out of range
---------------------------- Captured stderr call -----------------------------
WARNING:root:[ParamsService] 鈿狅笍  鍝佺閰嶇疆灏氭湭鍔犺浇锛坃products_loaded=False锛夛紝璺宠繃鎯版€у姞杞戒互閬垮厤绌虹紦瀛樸€傝纭繚鍏堣皟鐢?ensure_products_with_retry() 鍜?ds.mark_products_loaded()
WARNING:root:[R27-P0-RC-03] 骞傜瓑鍘婚噸鎷︽埅(閿佸唴): IF2606_SELL_CLOSE_1_4020.0
------------------------------ Captured log call ------------------------------
WARNING  root:params_service.py:435 [ParamsService] 鈿狅笍  鍝佺閰嶇疆灏氭湭鍔犺浇锛坃products_loaded=False锛夛紝璺宠繃鎯版€у姞杞戒互閬垮厤绌虹紦瀛樸€傝纭繚鍏堣皟鐢?ensure_products_with_retry() 鍜?ds.mark_products_loaded()
WARNING  root:order_executor.py:256 [R27-P0-RC-03] 骞傜瓑鍘婚噸鎷︽埅(閿佸唴): IF2606_SELL_CLOSE_1_4020.0
C:\Users\xu\AppData\Roaming\InfiniTrader_SimulationX64\pyStrategy\demo\ali2026v3_trading\tests\test_box_order.py:486: IndexError: list index out of range
E   IndexError: list index out of range
---------------------------- Captured stderr call -----------------------------
WARNING:root:[ParamsService] 鈿狅笍  鍝佺閰嶇疆灏氭湭鍔犺浇锛坃products_loaded=False锛夛紝璺宠繃鎯版€у姞杞戒互閬垮厤绌虹紦瀛樸€傝纭繚鍏堣皟鐢?ensure_products_with_retry() 鍜?ds.mark_products_loaded()
WARNING:root:[R27-P0-RC-03] 骞傜瓑鍘婚噸鎷︽埅(閿佸唴): IF2606_BUY_CLOSE_1_3980.0
------------------------------ Captured log call ------------------------------
WARNING  root:params_service.py:435 [ParamsService] 鈿狅笍  鍝佺閰嶇疆灏氭湭鍔犺浇锛坃products_loaded=False锛夛紝璺宠繃鎯版€у姞杞戒互閬垮厤绌虹紦瀛樸€傝纭繚鍏堣皟鐢?ensure_products_with_retry() 鍜?ds.mark_products_loaded()
WARNING  root:order_executor.py:256 [R27-P0-RC-03] 骞傜瓑鍘婚噸鎷︽埅(閿佸唴): IF2606_BUY_CLOSE_1_3980.0
C:\Users\xu\AppData\Roaming\InfiniTrader_SimulationX64\pyStrategy\demo\ali2026v3_trading\tests\test_box_order.py:497: IndexError: list index out of range
E   assert (None is not None)
C:\Users\xu\AppData\Roaming\InfiniTrader_SimulationX64\pyStrategy\demo\ali2026v3_trading\tests\test_counterparty_risk.py:45: assert (None is not None)
E   AttributeError: 'SmartOrderSplitter' object has no attribute 'plan_order_split'
C:\Users\xu\AppData\Roaming\InfiniTrader_SimulationX64\pyStrategy\demo\ali2026v3_trading\tests\test_hft_order.py:272: AttributeError: 'SmartOrderSplitter' object has no attribute 'plan_order_split'
E   AttributeError: 'SmartOrderSplitter' object has no attribute 'plan_order_split'
C:\Users\xu\AppData\Roaming\InfiniTrader_SimulationX64\pyStrategy\demo\ali2026v3_trading\tests\test_hft_order.py:239: AttributeError: 'SmartOrderSplitter' object has no attribute 'plan_order_split'
E   AttributeError: 'SmartOrderSplitter' object has no attribute 'plan_order_split'
C:\Users\xu\AppData\Roaming\InfiniTrader_SimulationX64\pyStrategy\demo\ali2026v3_trading\tests\test_hft_order.py:256: AttributeError: 'SmartOrderSplitter' object has no attribute 'plan_order_split'
E   AssertionError: 0 != 1
---------------------------- Captured stderr call -----------------------------
WARNING:root:[ParamsService] 鈿狅笍  鍝佺閰嶇疆灏氭湭鍔犺浇锛坃products_loaded=False锛夛紝璺宠繃鎯版€у姞杞戒互閬垮厤绌虹紦瀛樸€傝纭繚鍏堣皟鐢?ensure_products_with_retry() 鍜?ds.mark_products_loaded()
WARNING:root:[R27-P0-RC-03] 骞傜瓑鍘婚噸鎷︽埅(閿佸唴): IF2606_BUY_OPEN_1_4000.0
------------------------------ Captured log call ------------------------------
WARNING  root:params_service.py:435 [ParamsService] 鈿狅笍  鍝佺閰嶇疆灏氭湭鍔犺浇锛坃products_loaded=False锛夛紝璺宠繃鎯版€у姞杞戒互閬垮厤绌虹紦瀛樸€傝纭繚鍏堣皟鐢?ensure_products_with_retry() 鍜?ds.mark_products_loaded()
WARNING  root:order_executor.py:256 [R27-P0-RC-03] 骞傜瓑鍘婚噸鎷︽埅(閿佸唴): IF2606_BUY_OPEN_1_4000.0
C:\Users\xu\AppData\Local\Programs\Python\Python312\Lib\unittest\case.py:880: AssertionError: 0 != 1
E   AttributeError: 'OrderService' has no attribute 'send_defensive_order'
C:\Users\xu\AppData\Roaming\InfiniTrader_SimulationX64\pyStrategy\demo\ali2026v3_trading\order\order_service.py:29: AttributeError: 'OrderService' has no attribute 'send_defensive_order'
E   AssertionError: 0 not greater than or equal to 1
---------------------------- Captured stderr call -----------------------------
WARNING:root:[ParamsService] 鈿狅笍  鍝佺閰嶇疆灏氭湭鍔犺浇锛坃products_loaded=False锛夛紝璺宠繃鎯版€у姞杞戒互閬垮厤绌虹紦瀛樸€傝纭繚鍏堣皟鐢?ensure_products_with_retry() 鍜?ds.mark_products_loaded()
------------------------------ Captured log call ------------------------------
WARNING  root:params_service.py:435 [ParamsService] 鈿狅笍  鍝佺閰嶇疆灏氭湭鍔犺浇锛坃products_loaded=False锛夛紝璺宠繃鎯版€у姞杞戒互閬垮厤绌虹紦瀛樸€傝纭繚鍏堣皟鐢?ensure_products_with_retry() 鍜?ds.mark_products_loaded()
C:\Users\xu\AppData\Local\Programs\Python\Python312\Lib\unittest\case.py:717: AssertionError: 0 not greater than or equal to 1
E   IndexError: list index out of range
---------------------------- Captured stderr call -----------------------------
WARNING:root:[ParamsService] 鈿狅笍  鍝佺閰嶇疆灏氭湭鍔犺浇锛坃products_loaded=False锛夛紝璺宠繃鎯版€у姞杞戒互閬垮厤绌虹紦瀛樸€傝纭繚鍏堣皟鐢?ensure_products_with_retry() 鍜?ds.mark_products_loaded()
------------------------------ Captured log call ------------------------------
WARNING  root:params_service.py:435 [ParamsService] 鈿狅笍  鍝佺閰嶇疆灏氭湭鍔犺浇锛坃products_loaded=False锛夛紝璺宠繃鎯版€у姞杞戒互閬垮厤绌虹紦瀛樸€傝纭繚鍏堣皟鐢?ensure_products_with_retry() 鍜?ds.mark_products_loaded()
C:\Users\xu\AppData\Roaming\InfiniTrader_SimulationX64\pyStrategy\demo\ali2026v3_trading\tests\test_hft_order.py:339: IndexError: list index out of range
E   AttributeError: 'OrderService' has no attribute 'enable_hft_enhancements'
C:\Users\xu\AppData\Roaming\InfiniTrader_SimulationX64\pyStrategy\demo\ali2026v3_trading\order\order_service.py:29: AttributeError: 'OrderService' has no attribute 'enable_hft_enhancements'
E   AssertionError: Expected 'send_order_split' to have been called once. Called 0 times.
---------------------------- Captured stderr call -----------------------------
ERROR:root:[HFT] pursuit open risk check failed, fail-safe block: name '_risk_service_lock' is not defined
Traceback (most recent call last):
  File "C:\Users\xu\AppData\Roaming\InfiniTrader_SimulationX64\pyStrategy\demo\ali2026v3_trading\strategy\strategy_tick_handler.py", line 281, in _check_hft_open_risk
    check_result = get_risk_service(None).check_before_trade(signal)
                   ^^^^^^^^^^^^^^^^^^^^^^
  File "C:\Users\xu\AppData\Roaming\InfiniTrader_SimulationX64\pyStrategy\demo\ali2026v3_trading\risk\risk_service.py", line 612, in get_risk_service
    with _risk_service_lock:
         ^^^^^^^^^^^^^^^^^^
NameError: name '_risk_service_lock' is not defined
------------------------------ Captured log call ------------------------------
ERROR    root:strategy_tick_handler.py:298 [HFT] pursuit open risk check failed, fail-safe block: name '_risk_service_lock' is not defined
Traceback (most recent call last):
  File "C:\Users\xu\AppData\Roaming\InfiniTrader_SimulationX64\pyStrategy\demo\ali2026v3_trading\strategy\strategy_tick_handler.py", line 281, in _check_hft_open_risk
    check_result = get_risk_service(None).check_before_trade(signal)
                   ^^^^^^^^^^^^^^^^^^^^^^
  File "C:\Users\xu\AppData\Roaming\InfiniTrader_SimulationX64\pyStrategy\demo\ali2026v3_trading\risk\risk_service.py", line 612, in get_risk_service
    with _risk_service_lock:
         ^^^^^^^^^^^^^^^^^^
NameError: name '_risk_service_lock' is not defined
C:\Users\xu\AppData\Local\Programs\Python\Python312\Lib\unittest\mock.py:923: AssertionError: Expected 'send_order_split' to have been called once. Called 0 times.
E   AttributeError: 'TickHandlerMixin' object has no attribute '_state_store'
C:\Users\xu\AppData\Roaming\InfiniTrader_SimulationX64\pyStrategy\demo\ali2026v3_trading\strategy\strategy_tick_handler.py:1575: AttributeError: 'TickHandlerMixin' object has no attribute '_state_store'
E   NameError: name 'SignalHistoryService' is not defined
C:\Users\xu\AppData\Roaming\InfiniTrader_SimulationX64\pyStrategy\demo\ali2026v3_trading\signal\signal_service.py:378: NameError: name 'SignalHistoryService' is not defined
E   NameError: name 'SignalHistoryService' is not defined
C:\Users\xu\AppData\Roaming\InfiniTrader_SimulationX64\pyStrategy\demo\ali2026v3_trading\signal\signal_service.py:378: NameError: name 'SignalHistoryService' is not defined
E   NameError: name 'SignalHistoryService' is not defined
C:\Users\xu\AppData\Roaming\InfiniTrader_SimulationX64\pyStrategy\demo\ali2026v3_trading\signal\signal_service.py:378: NameError: name 'SignalHistoryService' is not defined
E   AssertionError: requirements-freeze.txt搴斿瓨鍦?DEP-01淇)
    assert False
     +  where False = <built-in function _path_exists>('C:\\Users\\xu\\AppData\\Roaming\\InfiniTrader_SimulationX64\\pyStrategy\\demo\\ali2026v3_trading\\tests\\..\\..\\requirements-freeze.txt')
     +    where <built-in function _path_exists> = <module 'ntpath' (frozen)>.exists
     +      where <module 'ntpath' (frozen)> = os.path
C:\Users\xu\AppData\Roaming\InfiniTrader_SimulationX64\pyStrategy\demo\ali2026v3_trading\tests\test_infrastructure.py:18: AssertionError: requirements-freeze.txt搴斿瓨鍦?DEP-01淇)
E   AssertionError: 鏁忔劅瀛楁api_key涓嶅簲鏈夌‖缂栫爜闈炵┖鍊?
    assert (***REDACTED*** == '' or not ***REDACTED***)
C:\Users\xu\AppData\Roaming\InfiniTrader_SimulationX64\pyStrategy\demo\ali2026v3_trading\tests\test_infrastructure.py:84: AssertionError: 鏁忔劅瀛楁api_key涓嶅簲鏈夌‖缂栫爜闈炵┖鍊?
E   TypeError: isinstance() arg 2 must be a type, a tuple of types, or a union
C:\Users\xu\AppData\Roaming\InfiniTrader_SimulationX64\pyStrategy\demo\ali2026v3_trading\tests\test_infrastructure.py:138: TypeError: isinstance() arg 2 must be a type, a tuple of types, or a union
E   TypeError: isinstance() arg 2 must be a type, a tuple of types, or a union
C:\Users\xu\AppData\Roaming\InfiniTrader_SimulationX64\pyStrategy\demo\ali2026v3_trading\tests\test_infrastructure.py:145: TypeError: isinstance() arg 2 must be a type, a tuple of types, or a union
E   ImportError: cannot import name 'is_market_open' from 'ali2026v3_trading.scheduler_service' (C:\Users\xu\AppData\Roaming\InfiniTrader_SimulationX64\pyStrategy\demo\ali2026v3_trading\scheduler_service.py)
C:\Users\xu\AppData\Roaming\InfiniTrader_SimulationX64\pyStrategy\demo\ali2026v3_trading\ui_service.py:27: ImportError: cannot import name 'is_market_open' from 'ali2026v3_trading.scheduler_service' (C:\Users\xu\AppData\Roaming\InfiniTrader_SimulationX64\pyStrategy\demo\ali2026v3_trading\scheduler_service.py)
E   ImportError: cannot import name 'is_market_open' from 'ali2026v3_trading.scheduler_service' (C:\Users\xu\AppData\Roaming\InfiniTrader_SimulationX64\pyStrategy\demo\ali2026v3_trading\scheduler_service.py)
C:\Users\xu\AppData\Roaming\InfiniTrader_SimulationX64\pyStrategy\demo\ali2026v3_trading\ui_service.py:27: ImportError: cannot import name 'is_market_open' from 'ali2026v3_trading.scheduler_service' (C:\Users\xu\AppData\Roaming\InfiniTrader_SimulationX64\pyStrategy\demo\ali2026v3_trading\scheduler_service.py)
E   AssertionError: assert 0 in (1, 2)
     +  where 0 = ShrinkageResult(original=LifeExpectancy(state='volatile', duration={'p25': 2, 'p50': 8, 'p75': 20, 'p99': 60}, magnitu...ion_level=0, timestamp='2026-06-06T14:42:20.640236+08:00'), shrinkage_factor=1.0, degradation_level=0, reason='瀹屾暣鏉′欢鍒嗗竷').degradation_level
C:\Users\xu\AppData\Roaming\InfiniTrader_SimulationX64\pyStrategy\demo\ali2026v3_trading\tests\test_l1_l2_pipeline.py:100: AssertionError: assert 0 in (1, 2)
E   AttributeError: 'CapitalRoute' object has no attribute '_frozen'
---------------------------- Captured stdout call -----------------------------

======================================================================
  R1. Spring绛栫暐闆嗘垚瀹屾暣鎬?
======================================================================
C:\Users\xu\AppData\Roaming\InfiniTrader_SimulationX64\pyStrategy\demo\ali2026v3_trading\strategy\strategy_ecosystem.py:259: AttributeError: 'CapitalRoute' object has no attribute '_frozen'
E   AttributeError: 'CapitalRoute' object has no attribute '_frozen'
---------------------------- Captured stdout call -----------------------------

======================================================================
  R1. Fail-safe涓€鑷存€?
======================================================================
  [PASS] check_position_limit RiskService涓嶅彲鐢ㄦ椂杩斿洖False
  [FAIL] OrderService._check_cross_strategy_risk 杩斿洖鏈夋晥绾у埆
---------------------------- Captured stderr call -----------------------------
ERROR:root:[PositionService.check_position_limit] RiskService not available, BLOCKING position check (fail-safe)
------------------------------ Captured log call ------------------------------
ERROR    root:position_check_service.py:38 [PositionService.check_position_limit] RiskService not available, BLOCKING position check (fail-safe)
C:\Users\xu\AppData\Roaming\InfiniTrader_SimulationX64\pyStrategy\demo\ali2026v3_trading\strategy\strategy_ecosystem.py:259: AttributeError: 'CapitalRoute' object has no attribute '_frozen'
E   AttributeError: 'CapitalRoute' object has no attribute '_frozen'
---------------------------- Captured stdout call -----------------------------

======================================================================
  R1. 浜掓枼瑙勫垯瑕嗙洊Spring绛栫暐
======================================================================
C:\Users\xu\AppData\Roaming\InfiniTrader_SimulationX64\pyStrategy\demo\ali2026v3_trading\strategy\strategy_ecosystem.py:259: AttributeError: 'CapitalRoute' object has no attribute '_frozen'
E   AttributeError: 'CapitalRoute' object has no attribute '_frozen'
---------------------------- Captured stdout call -----------------------------

======================================================================
  R2. route_capital 鍔ㄦ€佺鐢ㄦ椂鍚玸pring
======================================================================
C:\Users\xu\AppData\Roaming\InfiniTrader_SimulationX64\pyStrategy\demo\ali2026v3_trading\strategy\strategy_ecosystem.py:259: AttributeError: 'CapitalRoute' object has no attribute '_frozen'
E   AttributeError: 'CapitalRoute' object has no attribute '_frozen'
---------------------------- Captured stdout call -----------------------------

======================================================================
  R2. switch_active_strategy 鏇存柊spring state
======================================================================
C:\Users\xu\AppData\Roaming\InfiniTrader_SimulationX64\pyStrategy\demo\ali2026v3_trading\strategy\strategy_ecosystem.py:259: AttributeError: 'CapitalRoute' object has no attribute '_frozen'
E   AttributeError: 'CapitalRoute' object has no attribute '_frozen'
---------------------------- Captured stdout call -----------------------------

======================================================================
  R2. get_stats 鍖呭惈spring pnl/ev
======================================================================
C:\Users\xu\AppData\Roaming\InfiniTrader_SimulationX64\pyStrategy\demo\ali2026v3_trading\strategy\strategy_ecosystem.py:259: AttributeError: 'CapitalRoute' object has no attribute '_frozen'
E   AttributeError: 'CapitalRoute' object has no attribute '_frozen'
---------------------------- Captured stdout call -----------------------------

======================================================================
  R2. _stats 鍖呭惈spring_trades璁℃暟
======================================================================
C:\Users\xu\AppData\Roaming\InfiniTrader_SimulationX64\pyStrategy\demo\ali2026v3_trading\strategy\strategy_ecosystem.py:259: AttributeError: 'CapitalRoute' object has no attribute '_frozen'
E   AttributeError: 'CapitalRoute' object has no attribute '_frozen'
---------------------------- Captured stdout call -----------------------------

======================================================================
  R2. record_spring_trade 缁熻瀹屾暣鎬?
======================================================================
C:\Users\xu\AppData\Roaming\InfiniTrader_SimulationX64\pyStrategy\demo\ali2026v3_trading\strategy\strategy_ecosystem.py:259: AttributeError: 'CapitalRoute' object has no attribute '_frozen'
E   AttributeError: 'CapitalRoute' object has no attribute '_frozen'
---------------------------- Captured stdout call -----------------------------

======================================================================
  R2. switch_active_strategy 杩斿洖鍚玸pring鍒嗛厤
======================================================================
C:\Users\xu\AppData\Roaming\InfiniTrader_SimulationX64\pyStrategy\demo\ali2026v3_trading\strategy\strategy_ecosystem.py:259: AttributeError: 'CapitalRoute' object has no attribute '_frozen'
E   AttributeError: 'CapitalRoute' object has no attribute '_frozen'
---------------------------- Captured stdout call -----------------------------

======================================================================
  R2. _is_same_delta_direction 鏀寔spring绛栫暐
======================================================================
C:\Users\xu\AppData\Roaming\InfiniTrader_SimulationX64\pyStrategy\demo\ali2026v3_trading\strategy\strategy_ecosystem.py:259: AttributeError: 'CapitalRoute' object has no attribute '_frozen'
E   AssertionError: 0 != 1
---------------------------- Captured stderr call -----------------------------
WARNING:root:[ParamsService] 鈿狅笍  鍝佺閰嶇疆灏氭湭鍔犺浇锛坃products_loaded=False锛夛紝璺宠繃鎯版€у姞杞戒互閬垮厤绌虹紦瀛樸€傝纭繚鍏堣皟鐢?ensure_products_with_retry() 鍜?ds.mark_products_loaded()
WARNING:root:[R27-P0-RC-03] 骞傜瓑鍘婚噸鎷︽埅(閿佸唴): IF2606_BUY_OPEN_1_4000.0
------------------------------ Captured log call ------------------------------
WARNING  root:params_service.py:435 [ParamsService] 鈿狅笍  鍝佺閰嶇疆灏氭湭鍔犺浇锛坃products_loaded=False锛夛紝璺宠繃鎯版€у姞杞戒互閬垮厤绌虹紦瀛樸€傝纭繚鍏堣皟鐢?ensure_products_with_retry() 鍜?ds.mark_products_loaded()
WARNING  root:order_executor.py:256 [R27-P0-RC-03] 骞傜瓑鍘婚噸鎷︽埅(閿佸唴): IF2606_BUY_OPEN_1_4000.0
C:\Users\xu\AppData\Local\Programs\Python\Python312\Lib\unittest\case.py:880: AssertionError: 0 != 1
E   AssertionError: OrderResult(order_id=None, success=False, error_code='rate_limited', error_message='涓嬪崟棰戠巼瓒呴檺') is not None
---------------------------- Captured stderr call -----------------------------
WARNING:root:[ParamsService] 鈿狅笍  鍝佺閰嶇疆灏氭湭鍔犺浇锛坃products_loaded=False锛夛紝璺宠繃鎯版€у姞杞戒互閬垮厤绌虹紦瀛樸€傝纭繚鍏堣皟鐢?ensure_products_with_retry() 鍜?ds.mark_products_loaded()
------------------------------ Captured log call ------------------------------
WARNING  root:params_service.py:435 [ParamsService] 鈿狅笍  鍝佺閰嶇疆灏氭湭鍔犺浇锛坃products_loaded=False锛夛紝璺宠繃鎯版€у姞杞戒互閬垮厤绌虹紦瀛樸€傝纭繚鍏堣皟鐢?ensure_products_with_retry() 鍜?ds.mark_products_loaded()
C:\Users\xu\AppData\Local\Programs\Python\Python312\Lib\unittest\case.py:717: AssertionError: OrderResult(order_id=None, success=False, error_code='rate_limited', error_message='涓嬪崟棰戠巼瓒呴檺') is not None
E   AssertionError: Lists differ: [0, 10, 15, 20, 25, 30, 35, 40, 45, 50, 60, 7[35 chars] 200] != [0, 25, 50, 80, 120, 200]
    
    First differing element 1:
    10
    25
    
    First list contains 14 additional elements.
    First extra element 6:
    35
    
    + [0, 25, 50, 80, 120, 200]
    - [0,
    -  10,
    -  15,
    -  20,
    -  25,
    -  30,
    -  35,
    -  40,
    -  45,
    -  50,
    -  60,
    -  70,
    -  80,
    -  90,
    -  100,
    -  120,
    -  140,
    -  160,
    -  180,
    -  200] : high_freq delay keys mismatch
C:\Users\xu\AppData\Local\Programs\Python\Python312\Lib\unittest\case.py:717: AssertionError: Lists differ: [0, 10, 15, 20, 25, 30, 35, 40, 45, 50, 60, 7[35 chars] 200] != [0, 25, 50, 80, 120, 200]
E   AttributeError: <module 'ali2026v3_trading.order_service' from 'C:\\Users\\xu\\AppData\\Roaming\\InfiniTrader_SimulationX64\\pyStrategy\\demo\\ali2026v3_trading\\order_service.py'> does not have the attribute 'get_risk_service'
C:\Users\xu\AppData\Local\Programs\Python\Python312\Lib\unittest\mock.py:1428: AttributeError: <module 'ali2026v3_trading.order_service' from 'C:\\Users\\xu\\AppData\\Roaming\\InfiniTrader_SimulationX64\\pyStrategy\\demo\\ali2026v3_trading\\order_service.py'> does not have the attribute 'get_risk_service'
E   NameError: name 'SignalHistoryService' is not defined
C:\Users\xu\AppData\Roaming\InfiniTrader_SimulationX64\pyStrategy\demo\ali2026v3_trading\signal\signal_service.py:378: NameError: name 'SignalHistoryService' is not defined
E   NameError: name 'SignalHistoryService' is not defined
C:\Users\xu\AppData\Roaming\InfiniTrader_SimulationX64\pyStrategy\demo\ali2026v3_trading\signal\signal_service.py:378: NameError: name 'SignalHistoryService' is not defined
E   NameError: name 'SignalHistoryService' is not defined
C:\Users\xu\AppData\Roaming\InfiniTrader_SimulationX64\pyStrategy\demo\ali2026v3_trading\signal\signal_service.py:378: NameError: name 'SignalHistoryService' is not defined
E   NameError: name 'SignalHistoryService' is not defined
C:\Users\xu\AppData\Roaming\InfiniTrader_SimulationX64\pyStrategy\demo\ali2026v3_trading\signal\signal_service.py:378: NameError: name 'SignalHistoryService' is not defined
E   NameError: name 'SignalHistoryService' is not defined
C:\Users\xu\AppData\Roaming\InfiniTrader_SimulationX64\pyStrategy\demo\ali2026v3_trading\signal\signal_service.py:378: NameError: name 'SignalHistoryService' is not defined
E   NameError: name 'SignalHistoryService' is not defined
C:\Users\xu\AppData\Roaming\InfiniTrader_SimulationX64\pyStrategy\demo\ali2026v3_trading\signal\signal_service.py:378: NameError: name 'SignalHistoryService' is not defined
E   AssertionError: No sharpe-related keys in DEFAULT_PARAM_TABLE
    assert 0 > 0
     +  where 0 = len([])
C:\Users\xu\AppData\Roaming\InfiniTrader_SimulationX64\pyStrategy\demo\ali2026v3_trading\tests\test_risk_service_core.py:109: AssertionError: No sharpe-related keys in DEFAULT_PARAM_TABLE
E   assert not True
     +  where True = is_hard_stop_triggered()
     +    where is_hard_stop_triggered = <ali2026v3_trading.risk.risk_circuit_breaker.SafetyMetaLayer object at 0x00000191579B04D0>.is_hard_stop_triggered
---------------------------- Captured stderr call -----------------------------
WARNING:root:[P0-R9-08] DR-08: 鏂矾鍣╤ard_stop璺ㄦ棩淇濈暀(2026-05-10鈫?026-06-06), 闇€浜哄伐confirm_daily_resume()鎭㈠
------------------------------ Captured log call ------------------------------
WARNING  root:risk_circuit_breaker.py:236 [P0-R9-08] DR-08: 鏂矾鍣╤ard_stop璺ㄦ棩淇濈暀(2026-05-10鈫?026-06-06), 闇€浜哄伐confirm_daily_resume()鎭㈠
C:\Users\xu\AppData\Roaming\InfiniTrader_SimulationX64\pyStrategy\demo\ali2026v3_trading\tests\test_safety_meta_layer_patches.py:12: assert not True
E   assert False
     +  where False = is_new_open_blocked()
     +    where is_new_open_blocked = <ali2026v3_trading.risk.risk_circuit_breaker.SafetyMetaLayer object at 0x00000191579B25D0>.is_new_open_blocked
---------------------------- Captured stderr call -----------------------------
WARNING:root:[P0-R9-08] DR-08: 鏂矾鍣╤ard_stop璺ㄦ棩淇濈暀(2026-05-10鈫?026-06-06), 闇€浜哄伐confirm_daily_resume()鎭㈠
------------------------------ Captured log call ------------------------------
WARNING  root:risk_circuit_breaker.py:236 [P0-R9-08] DR-08: 鏂矾鍣╤ard_stop璺ㄦ棩淇濈暀(2026-05-10鈫?026-06-06), 闇€浜哄伐confirm_daily_resume()鎭㈠
C:\Users\xu\AppData\Roaming\InfiniTrader_SimulationX64\pyStrategy\demo\ali2026v3_trading\tests\test_safety_meta_layer_patches.py:32: assert False
E   assert False is True
---------------------------- Captured stderr call -----------------------------
WARNING:root:[P0-R9-08] DR-08: 鏂矾鍣╤ard_stop璺ㄦ棩淇濈暀(2026-05-10鈫?026-06-06), 闇€浜哄伐confirm_daily_resume()鎭㈠
CRITICAL:root:[OPS-14] confirm_daily_resume缂哄皯瀹℃壒! 蹇呴』鎻愪緵approval_context鍖呭惈approver_id. caller_id=unknown
CRITICAL:root:[OPS-05] [P0] confirm_daily_resume缂哄皯瀹℃壒 caller=unknown key=confirm_resume_no_approval detail={'caller_id': 'unknown'}
WARNING:root:[R22-EP-P1] RiskService exception swallowed
------------------------------ Captured log call ------------------------------
WARNING  root:risk_circuit_breaker.py:236 [P0-R9-08] DR-08: 鏂矾鍣╤ard_stop璺ㄦ棩淇濈暀(2026-05-10鈫?026-06-06), 闇€浜哄伐confirm_daily_resume()鎭㈠
CRITICAL root:risk_circuit_breaker.py:943 [OPS-14] confirm_daily_resume缂哄皯瀹℃壒! 蹇呴』鎻愪緵approval_context鍖呭惈approver_id. caller_id=unknown
CRITICAL root:risk_audit_utils.py:212 [OPS-05] [P0] confirm_daily_resume缂哄皯瀹℃壒 caller=unknown key=confirm_resume_no_approval detail={'caller_id': 'unknown'}
WARNING  root:risk_audit_utils.py:240 [R22-EP-P1] RiskService exception swallowed
C:\Users\xu\AppData\Roaming\InfiniTrader_SimulationX64\pyStrategy\demo\ali2026v3_trading\tests\test_safety_meta_layer_patches.py:62: assert False is True
E   assert not True
     +  where True = is_hard_stop_triggered()
     +    where is_hard_stop_triggered = <ali2026v3_trading.risk.risk_circuit_breaker.SafetyMetaLayer object at 0x00000191579B1580>.is_hard_stop_triggered
---------------------------- Captured stderr call -----------------------------
WARNING:root:[P0-R9-08] DR-08: 鏂矾鍣╤ard_stop璺ㄦ棩淇濈暀(2026-05-10鈫?026-06-06), 闇€浜哄伐confirm_daily_resume()鎭㈠
CRITICAL:root:[OPS-14] confirm_daily_resume缂哄皯瀹℃壒! 蹇呴』鎻愪緵approval_context鍖呭惈approver_id. caller_id=unknown
------------------------------ Captured log call ------------------------------
WARNING  root:risk_circuit_breaker.py:236 [P0-R9-08] DR-08: 鏂矾鍣╤ard_stop璺ㄦ棩淇濈暀(2026-05-10鈫?026-06-06), 闇€浜哄伐confirm_daily_resume()鎭㈠
CRITICAL root:risk_circuit_breaker.py:943 [OPS-14] confirm_daily_resume缂哄皯瀹℃壒! 蹇呴』鎻愪緵approval_context鍖呭惈approver_id. caller_id=unknown
C:\Users\xu\AppData\Roaming\InfiniTrader_SimulationX64\pyStrategy\demo\ali2026v3_trading\tests\test_safety_meta_layer_patches.py:70: assert not True
E   assert 0.06 == 0.0
     +  where 0.06 = <ali2026v3_trading.risk.risk_circuit_breaker.SafetyMetaLayer object at 0x00000191579B2330>._daily_drawdown
---------------------------- Captured stderr call -----------------------------
WARNING:root:[P0-R9-08] DR-08: 鏂矾鍣╤ard_stop璺ㄦ棩淇濈暀(2026-05-10鈫?026-06-06), 闇€浜哄伐confirm_daily_resume()鎭㈠
CRITICAL:root:[OPS-14] confirm_daily_resume缂哄皯瀹℃壒! 蹇呴』鎻愪緵approval_context鍖呭惈approver_id. caller_id=unknown
------------------------------ Captured log call ------------------------------
WARNING  root:risk_circuit_breaker.py:236 [P0-R9-08] DR-08: 鏂矾鍣╤ard_stop璺ㄦ棩淇濈暀(2026-05-10鈫?026-06-06), 闇€浜哄伐confirm_daily_resume()鎭㈠
CRITICAL root:risk_circuit_breaker.py:943 [OPS-14] confirm_daily_resume缂哄皯瀹℃壒! 蹇呴』鎻愪緵approval_context鍖呭惈approver_id. caller_id=unknown
C:\Users\xu\AppData\Roaming\InfiniTrader_SimulationX64\pyStrategy\demo\ali2026v3_trading\tests\test_safety_meta_layer_patches.py:78: assert 0.06 == 0.0
E   AssertionError: assert False
     +  where False = RiskCheckResponse(result=<RiskCheckResult.PASS: 1>, level=<RiskLevel.LOW: 1>, message='', reason='', timestamp=datetime.datetime(2026, 6, 6, 6, 42, 26, 591575, tzinfo=datetime.timezone.utc), threshold=None, actual=None).is_block
---------------------------- Captured stderr call -----------------------------
WARNING:root:[P0-R9-08] DR-08: 鏂矾鍣╤ard_stop璺ㄦ棩淇濈暀(2026-05-10鈫?026-06-06), 闇€浜哄伐confirm_daily_resume()鎭㈠
------------------------------ Captured log call ------------------------------
WARNING  root:risk_circuit_breaker.py:236 [P0-R9-08] DR-08: 鏂矾鍣╤ard_stop璺ㄦ棩淇濈暀(2026-05-10鈫?026-06-06), 闇€浜哄伐confirm_daily_resume()鎭㈠
C:\Users\xu\AppData\Roaming\InfiniTrader_SimulationX64\pyStrategy\demo\ali2026v3_trading\tests\test_safety_meta_layer_patches.py:102: AssertionError: assert False
E   AttributeError: 'SafetyMetaLayer' object has no attribute '_params'. Did you mean: 'params'?
C:\Users\xu\AppData\Roaming\InfiniTrader_SimulationX64\pyStrategy\demo\ali2026v3_trading\risk\risk_circuit_breaker.py:1342: AttributeError: 'SafetyMetaLayer' object has no attribute '_params'. Did you mean: 'params'?
E   AttributeError: 'SafetyMetaLayer' object has no attribute '_params'. Did you mean: 'params'?
C:\Users\xu\AppData\Roaming\InfiniTrader_SimulationX64\pyStrategy\demo\ali2026v3_trading\risk\risk_circuit_breaker.py:1342: AttributeError: 'SafetyMetaLayer' object has no attribute '_params'. Did you mean: 'params'?
E   AttributeError: 'SafetyMetaLayer' object has no attribute '_params'. Did you mean: 'params'?
C:\Users\xu\AppData\Roaming\InfiniTrader_SimulationX64\pyStrategy\demo\ali2026v3_trading\risk\risk_circuit_breaker.py:1342: AttributeError: 'SafetyMetaLayer' object has no attribute '_params'. Did you mean: 'params'?
E   assert True is False
---------------------------- Captured stderr call -----------------------------
WARNING:root:[P0-R9-08] DR-08: 鏂矾鍣╤ard_stop璺ㄦ棩淇濈暀(2026-05-10鈫?026-06-06), 闇€浜哄伐confirm_daily_resume()鎭㈠
------------------------------ Captured log call ------------------------------
WARNING  root:risk_circuit_breaker.py:236 [P0-R9-08] DR-08: 鏂矾鍣╤ard_stop璺ㄦ棩淇濈暀(2026-05-10鈫?026-06-06), 闇€浜哄伐confirm_daily_resume()鎭㈠
C:\Users\xu\AppData\Roaming\InfiniTrader_SimulationX64\pyStrategy\demo\ali2026v3_trading\tests\test_safety_meta_layer_patches.py:173: assert True is False
E   AttributeError: 'SignalService' object has no attribute '_stats'
C:\Users\xu\AppData\Roaming\InfiniTrader_SimulationX64\pyStrategy\demo\ali2026v3_trading\signal\signal_service.py:124: AttributeError: 'SignalService' object has no attribute '_stats'
E   AttributeError: 'SignalService' object has no attribute '_cooldown_mgr'. Did you mean: '_cooldown_times'?
C:\Users\xu\AppData\Roaming\InfiniTrader_SimulationX64\pyStrategy\demo\ali2026v3_trading\signal\signal_service.py:513: AttributeError: 'SignalService' object has no attribute '_cooldown_mgr'. Did you mean: '_cooldown_times'?
E   AttributeError: 'SignalService' object has no attribute '_cooldown_mgr'. Did you mean: '_cooldown_times'?
C:\Users\xu\AppData\Roaming\InfiniTrader_SimulationX64\pyStrategy\demo\ali2026v3_trading\signal\signal_service.py:513: AttributeError: 'SignalService' object has no attribute '_cooldown_mgr'. Did you mean: '_cooldown_times'?
E   AssertionError: 's2_resonance_shadow_a' != 'shadow_a'
    - s2_resonance_shadow_a
    + shadow_a
---------------------------- Captured stderr call -----------------------------
WARNING:ali2026v3_trading.shadow_strategy_engine:[ShadowStrategyEngine] YAML鏂囦欢涓嶅瓨鍦? C:\Users\xu\AppData\Roaming\InfiniTrader_SimulationX64\pyStrategy\demo\ali2026v3_trading\param_pool\state_param_sets.yaml
------------------------------ Captured log call ------------------------------
WARNING  ali2026v3_trading.shadow_strategy_engine:shadow_strategy_engine.py:529 [ShadowStrategyEngine] YAML鏂囦欢涓嶅瓨鍦? C:\Users\xu\AppData\Roaming\InfiniTrader_SimulationX64\pyStrategy\demo\ali2026v3_trading\param_pool\state_param_sets.yaml
C:\Users\xu\AppData\Local\Programs\Python\Python312\Lib\unittest\case.py:717: AssertionError: 's2_resonance_shadow_a' != 'shadow_a'
E   AssertionError: 's2_resonance_shadow_b' != 'shadow_b'
    - s2_resonance_shadow_b
    + shadow_b
[...]
.py", line 1200, in _do_write_logs
    with open(log_file, 'a', encoding='utf-8') as f:
         ^^^^^^^^^^^^^^^^^^^^^^^^^^^^^^^^^^^^^
FileNotFoundError: [Errno 2] No such file or directory: 'C:\\Users\\xu\\AppData\\Local\\Temp\\tmphjfdnos2\\shadow_s2_re
sonance_shadow_a_unknown_20260606.jsonl'

During handling of the above exception, another exception occurred:

Traceback (most recent call last):
  File "C:\Users\xu\AppData\Local\Programs\Python\Python312\Lib\logging\__init__.py", line 1163, in emit
    stream.write(msg + self.terminator)
ValueError: I/O operation on closed file.
Call stack:
  File "C:\Users\xu\AppData\Roaming\InfiniTrader_SimulationX64\pyStrategy\demo\ali2026v3_trading\shadow_strategy_engine
.py", line 424, in _atexit_shutdown
    self.shutdown(wait=False)
  File "C:\Users\xu\AppData\Roaming\InfiniTrader_SimulationX64\pyStrategy\demo\ali2026v3_trading\shadow_strategy_engine
.py", line 411, in shutdown
    self._async_flush_log_queue()
  File "C:\Users\xu\AppData\Roaming\InfiniTrader_SimulationX64\pyStrategy\demo\ali2026v3_trading\shadow_strategy_engine
.py", line 1189, in _async_flush_log_queue
    self._do_write_logs(items)
  File "C:\Users\xu\AppData\Roaming\InfiniTrader_SimulationX64\pyStrategy\demo\ali2026v3_trading\shadow_strategy_engine
.py", line 1203, in _do_write_logs
    logger.warning("[ShadowStrategyEngine] 鍐欏叆鏃ュ織鏂囦欢澶辫触: %s", e)
Message: '[ShadowStrategyEngine] 鍐欏叆鏃ュ織鏂囦欢澶辫触: %s'
Arguments: (FileNotFoundError(2, 'No such file or directory'),)
--- Logging error ---
Traceback (most recent call last):
  File "C:\Users\xu\AppData\Roaming\InfiniTrader_SimulationX64\pyStrategy\demo\ali2026v3_trading\shadow_strategy_engine
.py", line 1200, in _do_write_logs
    with open(log_file, 'a', encoding='utf-8') as f:
         ^^^^^^^^^^^^^^^^^^^^^^^^^^^^^^^^^^^^^
FileNotFoundError: [Errno 2] No such file or directory: 'C:\\Users\\xu\\AppData\\Local\\Temp\\tmphjfdnos2\\shadow_s2_re
sonance_shadow_b_unknown_20260606.jsonl'

During handling of the above exception, another exception occurred:

Traceback (most recent call last):
  File "C:\Users\xu\AppData\Local\Programs\Python\Python312\Lib\logging\__init__.py", line 1163, in emit
    stream.write(msg + self.terminator)
ValueError: I/O operation on closed file.
Call stack:
  File "C:\Users\xu\AppData\Roaming\InfiniTrader_SimulationX64\pyStrategy\demo\ali2026v3_trading\shadow_strategy_engine
.py", line 424, in _atexit_shutdown
    self.shutdown(wait=False)
  File "C:\Users\xu\AppData\Roaming\InfiniTrader_SimulationX64\pyStrategy\demo\ali2026v3_trading\shadow_strategy_engine
.py", line 411, in shutdown
    self._async_flush_log_queue()
  File "C:\Users\xu\AppData\Roaming\InfiniTrader_SimulationX64\pyStrategy\demo\ali2026v3_trading\shadow_strategy_engine
.py", line 1189, in _async_flush_log_queue
    self._do_write_logs(items)
  File "C:\Users\xu\AppData\Roaming\InfiniTrader_SimulationX64\pyStrategy\demo\ali2026v3_trading\shadow_strategy_engine
.py", line 1203, in _do_write_logs
    logger.warning("[ShadowStrategyEngine] 鍐欏叆鏃ュ織鏂囦欢澶辫触: %s", e)
Message: '[ShadowStrategyEngine] 鍐欏叆鏃ュ織鏂囦欢澶辫触: %s'
Arguments: (FileNotFoundError(2, 'No such file or directory'),)
--- Logging error ---
Traceback (most recent call last):
  File "C:\Users\xu\AppData\Roaming\InfiniTrader_SimulationX64\pyStrategy\demo\ali2026v3_trading\shadow_strategy_engine
.py", line 1200, in _do_write_logs
    with open(log_file, 'a', encoding='utf-8') as f:
         ^^^^^^^^^^^^^^^^^^^^^^^^^^^^^^^^^^^^^
FileNotFoundError: [Errno 2] No such file or directory: 'C:\\Users\\xu\\AppData\\Local\\Temp\\tmpkqd6dx3m\\shadow_s2_re
sonance_shadow_b_unknown_20260606.jsonl'

During handling of the above exception, another exception occurred:

Traceback (most recent call last):
  File "C:\Users\xu\AppData\Local\Programs\Python\Python312\Lib\logging\__init__.py", line 1163, in emit
    stream.write(msg + self.terminator)
ValueError: I/O operation on closed file.
Call stack:
  File "C:\Users\xu\AppData\Roaming\InfiniTrader_SimulationX64\pyStrategy\demo\ali2026v3_trading\shadow_strategy_engine
.py", line 424, in _atexit_shutdown
    self.shutdown(wait=False)
  File "C:\Users\xu\AppData\Roaming\InfiniTrader_SimulationX64\pyStrategy\demo\ali2026v3_trading\shadow_strategy_engine
.py", line 411, in shutdown
    self._async_flush_log_queue()
  File "C:\Users\xu\AppData\Roaming\InfiniTrader_SimulationX64\pyStrategy\demo\ali2026v3_trading\shadow_strategy_engine
.py", line 1189, in _async_flush_log_queue
    self._do_write_logs(items)
  File "C:\Users\xu\AppData\Roaming\InfiniTrader_SimulationX64\pyStrategy\demo\ali2026v3_trading\shadow_strategy_engine
.py", line 1203, in _do_write_logs
    logger.warning("[ShadowStrategyEngine] 鍐欏叆鏃ュ織鏂囦欢澶辫触: %s", e)
Message: '[ShadowStrategyEngine] 鍐欏叆鏃ュ織鏂囦欢澶辫触: %s'
Arguments: (FileNotFoundError(2, 'No such file or directory'),)
--- Logging error ---
Traceback (most recent call last):
  File "C:\Users\xu\AppData\Roaming\InfiniTrader_SimulationX64\pyStrategy\demo\ali2026v3_trading\shadow_strategy_engine
.py", line 1200, in _do_write_logs
    with open(log_file, 'a', encoding='utf-8') as f:
         ^^^^^^^^^^^^^^^^^^^^^^^^^^^^^^^^^^^^^
FileNotFoundError: [Errno 2] No such file or directory: 'C:\\Users\\xu\\AppData\\Local\\Temp\\tmp8efcdg7l\\shadow_s2_re
sonance_shadow_a_unknown_20260606.jsonl'

During handling of the above exception, another exception occurred:

Traceback (most recent call last):
  File "C:\Users\xu\AppData\Local\Programs\Python\Python312\Lib\logging\__init__.py", line 1163, in emit
    stream.write(msg + self.terminator)
ValueError: I/O operation on closed file.
Call stack:
  File "C:\Users\xu\AppData\Roaming\InfiniTrader_SimulationX64\pyStrategy\demo\ali2026v3_trading\shadow_strategy_engine
.py", line 424, in _atexit_shutdown
    self.shutdown(wait=False)
  File "C:\Users\xu\AppData\Roaming\InfiniTrader_SimulationX64\pyStrategy\demo\ali2026v3_trading\shadow_strategy_engine
.py", line 411, in shutdown
    self._async_flush_log_queue()
  File "C:\Users\xu\AppData\Roaming\InfiniTrader_SimulationX64\pyStrategy\demo\ali2026v3_trading\shadow_strategy_engine
.py", line 1189, in _async_flush_log_queue
    self._do_write_logs(items)
  File "C:\Users\xu\AppData\Roaming\InfiniTrader_SimulationX64\pyStrategy\demo\ali2026v3_trading\shadow_strategy_engine
.py", line 1203, in _do_write_logs
    logger.warning("[ShadowStrategyEngine] 鍐欏叆鏃ュ織鏂囦欢澶辫触: %s", e)
Message: '[ShadowStrategyEngine] 鍐欏叆鏃ュ織鏂囦欢澶辫触: %s'
Arguments: (FileNotFoundError(2, 'No such file or directory'),)
--- Logging error ---
Traceback (most recent call last):
  File "C:\Users\xu\AppData\Roaming\InfiniTrader_SimulationX64\pyStrategy\demo\ali2026v3_trading\shadow_strategy_engine
.py", line 1200, in _do_write_logs
    with open(log_file, 'a', encoding='utf-8') as f:
         ^^^^^^^^^^^^^^^^^^^^^^^^^^^^^^^^^^^^^
FileNotFoundError: [Errno 2] No such file or directory: 'C:\\Users\\xu\\AppData\\Local\\Temp\\tmpf2l98fgm\\shadow_s2_re
sonance_shadow_b_unknown_20260606.jsonl'

During handling of the above exception, another exception occurred:

Traceback (most recent call last):
  File "C:\Users\xu\AppData\Local\Programs\Python\Python312\Lib\logging\__init__.py", line 1163, in emit
    stream.write(msg + self.terminator)
ValueError: I/O operation on closed file.
Call stack:
  File "C:\Users\xu\AppData\Roaming\InfiniTrader_SimulationX64\pyStrategy\demo\ali2026v3_trading\shadow_strategy_engine
.py", line 424, in _atexit_shutdown
    self.shutdown(wait=False)
  File "C:\Users\xu\AppData\Roaming\InfiniTrader_SimulationX64\pyStrategy\demo\ali2026v3_trading\shadow_strategy_engine
.py", line 411, in shutdown
    self._async_flush_log_queue()
  File "C:\Users\xu\AppData\Roaming\InfiniTrader_SimulationX64\pyStrategy\demo\ali2026v3_trading\shadow_strategy_engine
.py", line 1189, in _async_flush_log_queue
    self._do_write_logs(items)
  File "C:\Users\xu\AppData\Roaming\InfiniTrader_SimulationX64\pyStrategy\demo\ali2026v3_trading\shadow_strategy_engine
.py", line 1203, in _do_write_logs
    logger.warning("[ShadowStrategyEngine] 鍐欏叆鏃ュ織鏂囦欢澶辫触: %s", e)
Message: '[ShadowStrategyEngine] 鍐欏叆鏃ュ織鏂囦欢澶辫触: %s'
Arguments: (FileNotFoundError(2, 'No such file or directory'),)
--- Logging error ---
Traceback (most recent call last):
  File "C:\Users\xu\AppData\Roaming\InfiniTrader_SimulationX64\pyStrategy\demo\ali2026v3_trading\shadow_strategy_engine
.py", line 1200, in _do_write_logs
    with open(log_file, 'a', encoding='utf-8') as f:
         ^^^^^^^^^^^^^^^^^^^^^^^^^^^^^^^^^^^^^
FileNotFoundError: [Errno 2] No such file or directory: 'C:\\Users\\xu\\AppData\\Local\\Temp\\tmpqafsj6vw\\shadow_s2_re
sonance_shadow_b_unknown_20260606.jsonl'

During handling of the above exception, another exception occurred:

Traceback (most recent call last):
  File "C:\Users\xu\AppData\Local\Programs\Python\Python312\Lib\logging\__init__.py", line 1163, in emit
    stream.write(msg + self.terminator)
ValueError: I/O operation on closed file.
Call stack:
  File "C:\Users\xu\AppData\Roaming\InfiniTrader_SimulationX64\pyStrategy\demo\ali2026v3_trading\shadow_strategy_engine
.py", line 424, in _atexit_shutdown
    self.shutdown(wait=False)
  File "C:\Users\xu\AppData\Roaming\InfiniTrader_SimulationX64\pyStrategy\demo\ali2026v3_trading\shadow_strategy_engine
.py", line 411, in shutdown
    self._async_flush_log_queue()
  File "C:\Users\xu\AppData\Roaming\InfiniTrader_SimulationX64\pyStrategy\demo\ali2026v3_trading\shadow_strategy_engine
.py", line 1189, in _async_flush_log_queue
    self._do_write_logs(items)
  File "C:\Users\xu\AppData\Roaming\InfiniTrader_SimulationX64\pyStrategy\demo\ali2026v3_trading\shadow_strategy_engine
.py", line 1203, in _do_write_logs
    logger.warning("[ShadowStrategyEngine] 鍐欏叆鏃ュ織鏂囦欢澶辫触: %s", e)
Message: '[ShadowStrategyEngine] 鍐欏叆鏃ュ織鏂囦欢澶辫触: %s'
Arguments: (FileNotFoundError(2, 'No such file or directory'),)
--- Logging error ---
Traceback (most recent call last):
  File "C:\Users\xu\AppData\Roaming\InfiniTrader_SimulationX64\pyStrategy\demo\ali2026v3_trading\shadow_strategy_engine
.py", line 1200, in _do_write_logs
    with open(log_file, 'a', encoding='utf-8') as f:
         ^^^^^^^^^^^^^^^^^^^^^^^^^^^^^^^^^^^^^
FileNotFoundError: [Errno 2] No such file or directory: 'C:\\Users\\xu\\AppData\\Local\\Temp\\tmp5hrb03r9\\shadow_s2_re
sonance_shadow_a_unknown_20260606.jsonl'

During handling of the above exception, another exception occurred:

Traceback (most recent call last):
  File "C:\Users\xu\AppData\Local\Programs\Python\Python312\Lib\logging\__init__.py", line 1163, in emit
    stream.write(msg + self.terminator)
ValueError: I/O operation on closed file.
Call stack:
  File "C:\Users\xu\AppData\Roaming\InfiniTrader_SimulationX64\pyStrategy\demo\ali2026v3_trading\shadow_strategy_engine
.py", line 424, in _atexit_shutdown
    self.shutdown(wait=False)
  File "C:\Users\xu\AppData\Roaming\InfiniTrader_SimulationX64\pyStrategy\demo\ali2026v3_trading\shadow_strategy_engine
.py", line 411, in shutdown
    self._async_flush_log_queue()
  File "C:\Users\xu\AppData\Roaming\InfiniTrader_SimulationX64\pyStrategy\demo\ali2026v3_trading\shadow_strategy_engine
.py", line 1189, in _async_flush_log_queue
    self._do_write_logs(items)
  File "C:\Users\xu\AppData\Roaming\InfiniTrader_SimulationX64\pyStrategy\demo\ali2026v3_trading\shadow_strategy_engine
.py", line 1203, in _do_write_logs
    logger.warning("[ShadowStrategyEngine] 鍐欏叆鏃ュ織鏂囦欢澶辫触: %s", e)
Message: '[ShadowStrategyEngine] 鍐欏叆鏃ュ織鏂囦欢澶辫触: %s'
Arguments: (FileNotFoundError(2, 'No such file or directory'),)
--- Logging error ---
Traceback (most recent call last):
  File "C:\Users\xu\AppData\Roaming\InfiniTrader_SimulationX64\pyStrategy\demo\ali2026v3_trading\shadow_strategy_engine
.py", line 1200, in _do_write_logs
    with open(log_file, 'a', encoding='utf-8') as f:
         ^^^^^^^^^^^^^^^^^^^^^^^^^^^^^^^^^^^^^
FileNotFoundError: [Errno 2] No such file or directory: 'C:\\Users\\xu\\AppData\\Local\\Temp\\tmpswpemjmx\\shadow_s2_re
sonance_shadow_a_unknown_20260606.jsonl'

During handling of the above exception, another exception occurred:

Traceback (most recent call last):
  File "C:\Users\xu\AppData\Local\Programs\Python\Python312\Lib\logging\__init__.py", line 1163, in emit
    stream.write(msg + self.terminator)
ValueError: I/O operation on closed file.
Call stack:
  File "C:\Users\xu\AppData\Roaming\InfiniTrader_SimulationX64\pyStrategy\demo\ali2026v3_trading\shadow_strategy_engine
.py", line 424, in _atexit_shutdown
    self.shutdown(wait=False)
  File "C:\Users\xu\AppData\Roaming\InfiniTrader_SimulationX64\pyStrategy\demo\ali2026v3_trading\shadow_strategy_engine
.py", line 411, in shutdown
    self._async_flush_log_queue()
  File "C:\Users\xu\AppData\Roaming\InfiniTrader_SimulationX64\pyStrategy\demo\ali2026v3_trading\shadow_strategy_engine
.py", line 1189, in _async_flush_log_queue
    self._do_write_logs(items)
  File "C:\Users\xu\AppData\Roaming\InfiniTrader_SimulationX64\pyStrategy\demo\ali2026v3_trading\shadow_strategy_engine
.py", line 1203, in _do_write_logs
    logger.warning("[ShadowStrategyEngine] 鍐欏叆鏃ュ織鏂囦欢澶辫触: %s", e)
Message: '[ShadowStrategyEngine] 鍐欏叆鏃ュ織鏂囦欢澶辫触: %s'
Arguments: (FileNotFoundError(2, 'No such file or directory'),)
--- Logging error ---
Traceback (most recent call last):
  File "C:\Users\xu\AppData\Roaming\InfiniTrader_SimulationX64\pyStrategy\demo\ali2026v3_trading\shadow_strategy_engine
.py", line 1200, in _do_write_logs
    with open(log_file, 'a', encoding='utf-8') as f:
         ^^^^^^^^^^^^^^^^^^^^^^^^^^^^^^^^^^^^^
FileNotFoundError: [Errno 2] No such file or directory: 'C:\\Users\\xu\\AppData\\Local\\Temp\\tmpirdc6tau\\shadow_s2_re
sonance_shadow_a_unknown_20260606.jsonl'

During handling of the above exception, another exception occurred:

Traceback (most recent call last):
  File "C:\Users\xu\AppData\Local\Programs\Python\Python312\Lib\logging\__init__.py", line 1163, in emit
    stream.write(msg + self.terminator)
ValueError: I/O operation on closed file.
Call stack:
  File "C:\Users\xu\AppData\Roaming\InfiniTrader_SimulationX64\pyStrategy\demo\ali2026v3_trading\shadow_strategy_engine
.py", line 424, in _atexit_shutdown
    self.shutdown(wait=False)
  File "C:\Users\xu\AppData\Roaming\InfiniTrader_SimulationX64\pyStrategy\demo\ali2026v3_trading\shadow_strategy_engine
.py", line 411, in shutdown
    self._async_flush_log_queue()
  File "C:\Users\xu\AppData\Roaming\InfiniTrader_SimulationX64\pyStrategy\demo\ali2026v3_trading\shadow_strategy_engine
.py", line 1189, in _async_flush_log_queue
    self._do_write_logs(items)
  File "C:\Users\xu\AppData\Roaming\InfiniTrader_SimulationX64\pyStrategy\demo\ali2026v3_trading\shadow_strategy_engine
.py", line 1203, in _do_write_logs
    logger.warning("[ShadowStrategyEngine] 鍐欏叆鏃ュ織鏂囦欢澶辫触: %s", e)
Message: '[ShadowStrategyEngine] 鍐欏叆鏃ュ織鏂囦欢澶辫触: %s'
Arguments: (FileNotFoundError(2, 'No such file or directory'),)
--- Logging error ---
Traceback (most recent call last):
  File "C:\Users\xu\AppData\Roaming\InfiniTrader_SimulationX64\pyStrategy\demo\ali2026v3_trading\shadow_strategy_engine
.py", line 1200, in _do_write_logs
    with open(log_file, 'a', encoding='utf-8') as f:
         ^^^^^^^^^^^^^^^^^^^^^^^^^^^^^^^^^^^^^
FileNotFoundError: [Errno 2] No such file or directory: 'C:\\Users\\xu\\AppData\\Local\\Temp\\tmp4e23kjff\\shadow_s2_re
sonance_shadow_a_unknown_20260606.jsonl'

During handling of the above exception, another exception occurred:

Traceback (most recent call last):
  File "C:\Users\xu\AppData\Local\Programs\Python\Python312\Lib\logging\__init__.py", line 1163, in emit
    stream.write(msg + self.terminator)
ValueError: I/O operation on closed file.
Call stack:
  File "C:\Users\xu\AppData\Roaming\InfiniTrader_SimulationX64\pyStrategy\demo\ali2026v3_trading\shadow_strategy_engine
.py", line 424, in _atexit_shutdown
    self.shutdown(wait=False)
  File "C:\Users\xu\AppData\Roaming\InfiniTrader_SimulationX64\pyStrategy\demo\ali2026v3_trading\shadow_strategy_engine
.py", line 411, in shutdown
    self._async_flush_log_queue()
  File "C:\Users\xu\AppData\Roaming\InfiniTrader_SimulationX64\pyStrategy\demo\ali2026v3_trading\shadow_strategy_engine
.py", line 1189, in _async_flush_log_queue
    self._do_write_logs(items)
  File "C:\Users\xu\AppData\Roaming\InfiniTrader_SimulationX64\pyStrategy\demo\ali2026v3_trading\shadow_strategy_engine
.py", line 1203, in _do_write_logs
    logger.warning("[ShadowStrategyEngine] 鍐欏叆鏃ュ織鏂囦欢澶辫触: %s", e)
Message: '[ShadowStrategyEngine] 鍐欏叆鏃ュ織鏂囦欢澶辫触: %s'
Arguments: (FileNotFoundError(2, 'No such file or directory'),)
--- Logging error ---
Traceback (most recent call last):
  File "C:\Users\xu\AppData\Roaming\InfiniTrader_SimulationX64\pyStrategy\demo\ali2026v3_trading\shadow_strategy_engine
.py", line 1200, in _do_write_logs
    with open(log_file, 'a', encoding='utf-8') as f:
         ^^^^^^^^^^^^^^^^^^^^^^^^^^^^^^^^^^^^^
FileNotFoundError: [Errno 2] No such file or directory: 'C:\\Users\\xu\\AppData\\Local\\Temp\\tmpzz54keiq\\shadow_s2_re
sonance_shadow_a_unknown_20260606.jsonl'

During handling of the above exception, another exception occurred:

Traceback (most recent call last):
  File "C:\Users\xu\AppData\Local\Programs\Python\Python312\Lib\logging\__init__.py", line 1163, in emit
    stream.write(msg + self.terminator)
ValueError: I/O operation on closed file.
Call stack:
  File "C:\Users\xu\AppData\Roaming\InfiniTrader_SimulationX64\pyStrategy\demo\ali2026v3_trading\shadow_strategy_engine
.py", line 424, in _atexit_shutdown
    self.shutdown(wait=False)
  File "C:\Users\xu\AppData\Roaming\InfiniTrader_SimulationX64\pyStrategy\demo\ali2026v3_trading\shadow_strategy_engine
.py", line 411, in shutdown
    self._async_flush_log_queue()
  File "C:\Users\xu\AppData\Roaming\InfiniTrader_SimulationX64\pyStrategy\demo\ali2026v3_trading\shadow_strategy_engine
.py", line 1189, in _async_flush_log_queue
    self._do_write_logs(items)
  File "C:\Users\xu\AppData\Roaming\InfiniTrader_SimulationX64\pyStrategy\demo\ali2026v3_trading\shadow_strategy_engine
.py", line 1203, in _do_write_logs
    logger.warning("[ShadowStrategyEngine] 鍐欏叆鏃ュ織鏂囦欢澶辫触: %s", e)
Message: '[ShadowStrategyEngine] 鍐欏叆鏃ュ織鏂囦欢澶辫触: %s'
Arguments: (FileNotFoundError(2, 'No such file or directory'),)
--- Logging error ---
Traceback (most recent call last):
  File "C:\Users\xu\AppData\Roaming\InfiniTrader_SimulationX64\pyStrategy\demo\ali2026v3_trading\shadow_strategy_engine
.py", line 1200, in _do_write_logs
    with open(log_file, 'a', encoding='utf-8') as f:
         ^^^^^^^^^^^^^^^^^^^^^^^^^^^^^^^^^^^^^
FileNotFoundError: [Errno 2] No such file or directory: 'C:\\Users\\xu\\AppData\\Local\\Temp\\tmpdzogpojj\\shadow_s2_re
sonance_shadow_a_unknown_20260606.jsonl'

During handling of the above exception, another exception occurred:

Traceback (most recent call last):
  File "C:\Users\xu\AppData\Local\Programs\Python\Python312\Lib\logging\__init__.py", line 1163, in emit
    stream.write(msg + self.terminator)
ValueError: I/O operation on closed file.
Call stack:
  File "C:\Users\xu\AppData\Roaming\InfiniTrader_SimulationX64\pyStrategy\demo\ali2026v3_trading\shadow_strategy_engine
.py", line 424, in _atexit_shutdown
    self.shutdown(wait=False)
  File "C:\Users\xu\AppData\Roaming\InfiniTrader_SimulationX64\pyStrategy\demo\ali2026v3_trading\shadow_strategy_engine
.py", line 411, in shutdown
    self._async_flush_log_queue()
  File "C:\Users\xu\AppData\Roaming\InfiniTrader_SimulationX64\pyStrategy\demo\ali2026v3_trading\shadow_strategy_engine
.py", line 1189, in _async_flush_log_queue
    self._do_write_logs(items)
  File "C:\Users\xu\AppData\Roaming\InfiniTrader_SimulationX64\pyStrategy\demo\ali2026v3_trading\shadow_strategy_engine
.py", line 1203, in _do_write_logs
    logger.warning("[ShadowStrategyEngine] 鍐欏叆鏃ュ織鏂囦欢澶辫触: %s", e)
Message: '[ShadowStrategyEngine] 鍐欏叆鏃ュ織鏂囦欢澶辫触: %s'
Arguments: (FileNotFoundError(2, 'No such file or directory'),)
